Log file open, 05/04/19 15:44:20
LogWindows: Failed to load 'aqProf.dll' (GetLastError=126)
LogWindows: File 'aqProf.dll' does not exist
LogWindows: Failed to load 'VtuneApi.dll' (GetLastError=126)
LogWindows: File 'VtuneApi.dll' does not exist
LogWindows: Failed to load 'VtuneApi32e.dll' (GetLastError=126)
LogWindows: File 'VtuneApi32e.dll' does not exist
LogConsoleResponse: Display: Failed to find resolution value strings in scalability ini. Falling back to default.
LogInit: Display: Running engine for game: BuildingEscape
LogPakFile: Registered encryption key '00000000000000000000000000000000': 0 pak files mounted, 0 remain pending
LogPlatformFile: Not using cached read wrapper
LogTaskGraph: Started task graph with 5 named threads and 23 total threads with 3 sets of task threads.
LogStats: Stats thread started at 0.261111
LogD3D11RHI: Loaded GFSDK_Aftermath_Lib.x64.dll
LogWindows: Failed to load '../../../Engine/Binaries/ThirdParty/libsndfile/Win64/libsndfile-1.dll' (GetLastError=126)
LogWindows: File '../../../Engine/Binaries/ThirdParty/libsndfile/Win64/libsndfile-1.dll' does not exist
LogAudioMixer: Display: Failed to load Sound File dll
LogAudioEditor: Display: LibSoundFile failed to load. Importing audio will not work correctly.
LogICUInternationalization: ICU TimeZone Detection - Raw Offset: -5:00, Platform Override: ''
LogPluginManager: Mounting plugin Paper2D
LogPluginManager: Mounting plugin AISupport
LogPluginManager: Mounting plugin LightPropagationVolume
LogPluginManager: Mounting plugin ActorLayerUtilities
LogPluginManager: Mounting plugin AnimationSharing
LogPluginManager: Mounting plugin CLionSourceCodeAccess
LogPluginManager: Mounting plugin CodeLiteSourceCodeAccess
LogPluginManager: Mounting plugin GitSourceControl
LogPluginManager: Mounting plugin KDevelopSourceCodeAccess
LogPluginManager: Mounting plugin NullSourceCodeAccess
LogPluginManager: Mounting plugin PerforceSourceControl
LogPluginManager: Mounting plugin SubversionSourceControl
LogPluginManager: Mounting plugin UObjectPlugin
LogPluginManager: Mounting plugin VisualStudioCodeSourceCodeAccess
LogPluginManager: Mounting plugin VisualStudioSourceCodeAccess
LogPluginManager: Mounting plugin XCodeSourceCodeAccess
LogPluginManager: Mounting plugin AssetManagerEditor
LogPluginManager: Mounting plugin CryptoKeys
LogPluginManager: Mounting plugin DataValidation
LogPluginManager: Mounting plugin FacialAnimation
LogPluginManager: Mounting plugin GameplayTagsEditor
LogPluginManager: Mounting plugin MacGraphicsSwitching
LogPluginManager: Mounting plugin MaterialAnalyzer
LogPluginManager: Mounting plugin MobileLauncherProfileWizard
LogPluginManager: Mounting plugin PluginBrowser
LogPluginManager: Mounting plugin SpeedTreeImporter
LogPluginManager: Mounting plugin DatasmithContent
LogPluginManager: Mounting plugin VariantManagerContent
LogPluginManager: Mounting plugin AlembicImporter
LogPluginManager: Mounting plugin AppleImageUtils
LogPluginManager: Mounting plugin AppleVision
LogPluginManager: Mounting plugin BackChannel
LogPluginManager: Mounting plugin CharacterAI
LogPluginManager: Mounting plugin GeometryCache
LogPluginManager: Mounting plugin HTML5Networking
LogPluginManager: Mounting plugin ProxyLODPlugin
LogPluginManager: Mounting plugin SkeletalReduction
LogPluginManager: Mounting plugin MagicLeap
LogPluginManager: Mounting plugin MagicLeapMedia
LogPluginManager: Mounting plugin AndroidMedia
LogPluginManager: Mounting plugin AvfMedia
LogPluginManager: Mounting plugin ImgMedia
LogPluginManager: Mounting plugin LinearTimecode
LogPluginManager: Mounting plugin MediaCompositing
LogPluginManager: Mounting plugin MediaPlayerEditor
LogPluginManager: Mounting plugin WebMMedia
LogPluginManager: Mounting plugin WmfMedia
LogPluginManager: Mounting plugin TcpMessaging
LogPluginManager: Mounting plugin UdpMessaging
LogPluginManager: Mounting plugin ActorSequence
LogPluginManager: Mounting plugin LevelSequenceEditor
LogPluginManager: Mounting plugin MatineeToLevelSequence
LogPluginManager: Mounting plugin NetcodeUnitTest
LogPluginManager: Mounting plugin NUTUnrealEngine4
LogPluginManager: Mounting plugin OnlineSubsystemGooglePlay
LogPluginManager: Mounting plugin OnlineSubsystemIOS
LogPluginManager: Mounting plugin OnlineSubsystem
LogPluginManager: Mounting plugin OnlineSubsystemNull
LogPluginManager: Mounting plugin OnlineSubsystemUtils
LogPluginManager: Mounting plugin LauncherChunkInstaller
LogPluginManager: Mounting plugin AndroidDeviceProfileSelector
LogPluginManager: Mounting plugin AndroidMoviePlayer
LogPluginManager: Mounting plugin AndroidPermission
LogPluginManager: Mounting plugin AppleMoviePlayer
LogPluginManager: Mounting plugin ArchVisCharacter
LogPluginManager: Mounting plugin AudioCapture
LogPluginManager: Mounting plugin CableComponent
LogPluginManager: Mounting plugin CustomMeshComponent
LogPluginManager: Mounting plugin EditableMesh
LogPluginManager: Mounting plugin ExampleDeviceProfileSelector
LogPluginManager: Mounting plugin Firebase
LogPluginManager: Mounting plugin GoogleCloudMessaging
LogPluginManager: Mounting plugin IOSDeviceProfileSelector
LogPluginManager: Mounting plugin LinuxDeviceProfileSelector
LogPluginManager: Mounting plugin LocationServicesBPLibrary
LogPluginManager: Mounting plugin MobilePatchingUtils
LogPluginManager: Mounting plugin OculusVR
LogPluginManager: Mounting plugin PhysXVehicles
LogPluginManager: Mounting plugin ProceduralMeshComponent
LogPluginManager: Mounting plugin RuntimePhysXCooking
LogPluginManager: Mounting plugin SignificanceManager
LogPluginManager: Mounting plugin SteamVR
LogPluginManager: Mounting plugin WebMMoviePlayer
LogPluginManager: Mounting plugin WindowsMoviePlayer
LogInit: Using libcurl 7.55.1-DEV
LogInit:  - built for x86_64-pc-win32
LogInit:  - supports SSL with OpenSSL/1.1.1
LogInit:  - supports HTTP deflate (compression) using libz 1.2.8
LogInit:  - other features:
LogInit:      CURL_VERSION_SSL
LogInit:      CURL_VERSION_LIBZ
LogInit:      CURL_VERSION_IPV6
LogInit:      CURL_VERSION_ASYNCHDNS
LogInit:      CURL_VERSION_LARGEFILE
LogInit:      CURL_VERSION_IDN
LogInit:  CurlRequestOptions (configurable via config and command line):
LogInit:  - bVerifyPeer = true  - Libcurl will verify peer certificate
LogInit:  - bUseHttpProxy = false  - Libcurl will NOT use HTTP proxy
LogInit:  - bDontReuseConnections = false  - Libcurl will reuse connections
LogInit:  - MaxHostConnections = 16  - Libcurl will limit the number of connections to a host
LogInit:  - LocalHostAddr = Default
LogInit:  - BufferSize = 65536
LogInit: WinSock: version 1.1 (2.2), MaxSocks=32767, MaxUdp=65467
LogInit: Build: ++UE4+Release-4.22-CL-5660361
LogInit: Engine Version: 4.22.0-5660361+++UE4+Release-4.22
LogInit: Compatible Engine Version: 4.22.0-5660361+++UE4+Release-4.22
LogInit: Net CL: 5660361
LogInit: OS: Windows 8.1 (), CPU: Intel(R) Core(TM) i7-4790 CPU @ 3.60GHz, GPU: NVIDIA Quadro K2200
LogInit: Compiled (64-bit): Mar 31 2019 02:05:09
LogInit: Compiled with Visual C++: 19.16.27025.01
LogInit: Build Configuration: Development
LogInit: Branch Name: ++UE4+Release-4.22
LogInit: Command Line: 
LogInit: Base Directory: Z:/Program Files/Epic Games/UE_4.22/Engine/Binaries/Win64/
LogInit: Installed Engine Build: 1
LogDevObjectVersion: Number of dev versions registered: 23
LogDevObjectVersion:   Dev-Blueprints (B0D832E4-1F89-4F0D-ACCF-7EB736FD4AA2): 10
LogDevObjectVersion:   Dev-Build (E1C64328-A22C-4D53-A36C-8E866417BD8C): 0
LogDevObjectVersion:   Dev-Core (375EC13C-06E4-48FB-B500-84F0262A717E): 3
LogDevObjectVersion:   Dev-Editor (E4B068ED-F494-42E9-A231-DA0B2E46BB41): 30
LogDevObjectVersion:   Dev-Framework (CFFC743F-43B0-4480-9391-14DF171D2073): 35
LogDevObjectVersion:   Dev-Mobile (B02B49B5-BB20-44E9-A304-32B752E40360): 2
LogDevObjectVersion:   Dev-Networking (A4E4105C-59A1-49B5-A7C5-40C4547EDFEE): 0
LogDevObjectVersion:   Dev-Online (39C831C9-5AE6-47DC-9A44-9C173E1C8E7C): 0
LogDevObjectVersion:   Dev-Physics (78F01B33-EBEA-4F98-B9B4-84EACCB95AA2): 0
LogDevObjectVersion:   Dev-Platform (6631380F-2D4D-43E0-8009-CF276956A95A): 0
LogDevObjectVersion:   Dev-Rendering (12F88B9F-8875-4AFC-A67C-D90C383ABD29): 28
LogDevObjectVersion:   Dev-Sequencer (7B5AE74C-D270-4C10-A958-57980B212A5A): 11
LogDevObjectVersion:   Dev-VR (D7296918-1DD6-4BDD-9DE2-64A83CC13884): 2
LogDevObjectVersion:   Dev-LoadTimes (C2A15278-BFE7-4AFE-6C17-90FF531DF755): 1
LogDevObjectVersion:   Private-Geometry (6EACA3D4-40EC-4CC1-B786-8BED09428FC5): 3
LogDevObjectVersion:   Dev-AnimPhys (29E575DD-E0A3-4627-9D10-D276232CDCEA): 17
LogDevObjectVersion:   Dev-Anim (AF43A65D-7FD3-4947-9873-3E8ED9C1BB05): 2
LogDevObjectVersion:   Dev-ReflectionCapture (6B266CEC-1EC7-4B8F-A30B-E4D90942FC07): 1
LogDevObjectVersion:   Dev-Automation (0DF73D61-A23F-47EA-B727-89E90C41499A): 1
LogDevObjectVersion:   FortniteMain (601D1886-AC64-4F84-AA16-D3DE0DEAC7D6): 25
LogDevObjectVersion:   Dev-Enterprise (9DFFBCD6-494F-0158-E221-12823C92A888): 6
LogDevObjectVersion:   Dev-Niagara (F2AED0AC-9AFE-416F-8664-AA7FFA26D6FC): 1
LogDevObjectVersion:   Dev-Destruction (174F1F0B-B4C6-45A5-B13F-2EE8D0FB917D): 2
LogInit: Presizing for max 16777216 objects, including 0 objects not considered by GC, pre-allocating 0 bytes for permanent pool.
LogInit: Object subsystem initialized
LogConfig: Setting CVar [[con.DebugEarlyDefault:1]]
LogConfig: Setting CVar [[r.setres:1280x720]]
[2019.05.04-19.44.20:845][  0]LogConfig: Setting CVar [[r.VSync:0]]
[2019.05.04-19.44.20:845][  0]LogConfig: Setting CVar [[r.RHICmdBypass:0]]
[2019.05.04-19.44.20:845][  0]LogConfig: Applying CVar settings from Section [/Script/Engine.RendererSettings] File [Z:/Users/els/source/repos/01_BuildingEscape/BuildingEscape/Saved/Config/Windows/Engine.ini]
[2019.05.04-19.44.20:845][  0]LogConfig: Setting CVar [[r.GPUCrashDebugging:0]]
[2019.05.04-19.44.20:845][  0]LogConfig: Setting CVar [[r.DefaultFeature.AutoExposure.ExtendDefaultLuminanceRange:1]]
[2019.05.04-19.44.20:846][  0]LogConfig: Applying CVar settings from Section [/Script/Engine.RendererOverrideSettings] File [Z:/Users/els/source/repos/01_BuildingEscape/BuildingEscape/Saved/Config/Windows/Engine.ini]
[2019.05.04-19.44.20:846][  0]LogConfig: Applying CVar settings from Section [/Script/Engine.StreamingSettings] File [Z:/Users/els/source/repos/01_BuildingEscape/BuildingEscape/Saved/Config/Windows/Engine.ini]
[2019.05.04-19.44.20:846][  0]LogConfig: Setting CVar [[s.MinBulkDataSizeForAsyncLoading:131072]]
[2019.05.04-19.44.20:846][  0]LogConfig: Setting CVar [[s.AsyncLoadingThreadEnabled:0]]
[2019.05.04-19.44.20:846][  0]LogConfig: Setting CVar [[s.EventDrivenLoaderEnabled:1]]
[2019.05.04-19.44.20:846][  0]LogConfig: Setting CVar [[s.WarnIfTimeLimitExceeded:0]]
[2019.05.04-19.44.20:846][  0]LogConfig: Setting CVar [[s.TimeLimitExceededMultiplier:1.5]]
[2019.05.04-19.44.20:846][  0]LogConfig: Setting CVar [[s.TimeLimitExceededMinTime:0.005]]
[2019.05.04-19.44.20:846][  0]LogConfig: Setting CVar [[s.UseBackgroundLevelStreaming:1]]
[2019.05.04-19.44.20:846][  0]LogConfig: Setting CVar [[s.PriorityAsyncLoadingExtraTime:15.0]]
[2019.05.04-19.44.20:846][  0]LogConfig: Setting CVar [[s.LevelStreamingActorsUpdateTimeLimit:5.0]]
[2019.05.04-19.44.20:846][  0]LogConfig: Setting CVar [[s.PriorityLevelStreamingActorsUpdateExtraTime:5.0]]
[2019.05.04-19.44.20:846][  0]LogConfig: Setting CVar [[s.LevelStreamingComponentsRegistrationGranularity:10]]
[2019.05.04-19.44.20:846][  0]LogConfig: Setting CVar [[s.UnregisterComponentsTimeLimit:1.0]]
[2019.05.04-19.44.20:846][  0]LogConfig: Setting CVar [[s.LevelStreamingComponentsUnregistrationGranularity:5]]
[2019.05.04-19.44.20:846][  0]LogConfig: Applying CVar settings from Section [/Script/Engine.GarbageCollectionSettings] File [Z:/Users/els/source/repos/01_BuildingEscape/BuildingEscape/Saved/Config/Windows/Engine.ini]
[2019.05.04-19.44.20:846][  0]LogConfig: Setting CVar [[gc.MaxObjectsNotConsideredByGC:1]]
[2019.05.04-19.44.20:846][  0]LogConfig: Setting CVar [[gc.SizeOfPermanentObjectPool:0]]
[2019.05.04-19.44.20:846][  0]LogConfig: Setting CVar [[gc.FlushStreamingOnGC:0]]
[2019.05.04-19.44.20:846][  0]LogConfig: Setting CVar [[gc.NumRetriesBeforeForcingGC:10]]
[2019.05.04-19.44.20:846][  0]LogConfig: Setting CVar [[gc.AllowParallelGC:1]]
[2019.05.04-19.44.20:846][  0]LogConfig: Setting CVar [[gc.TimeBetweenPurgingPendingKillObjects:61.1]]
[2019.05.04-19.44.20:846][  0]LogConfig: Setting CVar [[gc.MaxObjectsInEditor:16777216]]
[2019.05.04-19.44.20:846][  0]LogConfig: Setting CVar [[gc.IncrementalBeginDestroyEnabled:1]]
[2019.05.04-19.44.20:846][  0]LogConfig: Setting CVar [[gc.CreateGCClusters:1]]
[2019.05.04-19.44.20:846][  0]LogConfig: Setting CVar [[gc.MinGCClusterSize:5]]
[2019.05.04-19.44.20:846][  0]LogConfig: Setting CVar [[gc.ActorClusteringEnabled:0]]
[2019.05.04-19.44.20:846][  0]LogConfig: Setting CVar [[gc.BlueprintClusteringEnabled:0]]
[2019.05.04-19.44.20:846][  0]LogConfig: Setting CVar [[gc.UseDisregardForGCOnDedicatedServers:0]]
[2019.05.04-19.44.20:846][  0]LogConfig: Applying CVar settings from Section [/Script/Engine.NetworkSettings] File [Z:/Users/els/source/repos/01_BuildingEscape/BuildingEscape/Saved/Config/Windows/Engine.ini]
[2019.05.04-19.44.20:846][  0]LogConfig: Applying CVar settings from Section [/Script/UnrealEd.CookerSettings] File [Z:/Users/els/source/repos/01_BuildingEscape/BuildingEscape/Saved/Config/Windows/Engine.ini]
[2019.05.04-19.44.20:850][  0]LogConfig: Applying CVar settings from Section [ViewDistanceQuality@3] File [Z:/Users/els/source/repos/01_BuildingEscape/BuildingEscape/Saved/Config/Windows/Scalability.ini]
[2019.05.04-19.44.20:850][  0]LogConfig: Setting CVar [[r.SkeletalMeshLODBias:0]]
[2019.05.04-19.44.20:850][  0]LogConfig: Setting CVar [[r.ViewDistanceScale:1.0]]
[2019.05.04-19.44.20:850][  0]LogConfig: Applying CVar settings from Section [AntiAliasingQuality@3] File [Z:/Users/els/source/repos/01_BuildingEscape/BuildingEscape/Saved/Config/Windows/Scalability.ini]
[2019.05.04-19.44.20:850][  0]LogConfig: Setting CVar [[r.PostProcessAAQuality:4]]
[2019.05.04-19.44.20:850][  0]LogConfig: Applying CVar settings from Section [ShadowQuality@3] File [Z:/Users/els/source/repos/01_BuildingEscape/BuildingEscape/Saved/Config/Windows/Scalability.ini]
[2019.05.04-19.44.20:850][  0]LogConfig: Setting CVar [[r.LightFunctionQuality:1]]
[2019.05.04-19.44.20:850][  0]LogConfig: Setting CVar [[r.ShadowQuality:5]]
[2019.05.04-19.44.20:850][  0]LogConfig: Setting CVar [[r.Shadow.CSM.MaxCascades:10]]
[2019.05.04-19.44.20:850][  0]LogConfig: Setting CVar [[r.Shadow.MaxResolution:2048]]
[2019.05.04-19.44.20:850][  0]LogConfig: Setting CVar [[r.Shadow.MaxCSMResolution:2048]]
[2019.05.04-19.44.20:850][  0]LogConfig: Setting CVar [[r.Shadow.RadiusThreshold:0.01]]
[2019.05.04-19.44.20:850][  0]LogConfig: Setting CVar [[r.Shadow.DistanceScale:1.0]]
[2019.05.04-19.44.20:850][  0]LogConfig: Setting CVar [[r.Shadow.CSM.TransitionScale:1.0]]
[2019.05.04-19.44.20:850][  0]LogConfig: Setting CVar [[r.Shadow.PreShadowResolutionFactor:1.0]]
[2019.05.04-19.44.20:850][  0]LogConfig: Setting CVar [[r.DistanceFieldShadowing:1]]
[2019.05.04-19.44.20:850][  0]LogConfig: Setting CVar [[r.DistanceFieldAO:1]]
[2019.05.04-19.44.20:850][  0]LogConfig: Setting CVar [[r.AOQuality:2]]
[2019.05.04-19.44.20:850][  0]LogConfig: Setting CVar [[r.VolumetricFog:1]]
[2019.05.04-19.44.20:850][  0]LogConfig: Setting CVar [[r.VolumetricFog.GridPixelSize:8]]
[2019.05.04-19.44.20:850][  0]LogConfig: Setting CVar [[r.VolumetricFog.GridSizeZ:128]]
[2019.05.04-19.44.20:850][  0]LogConfig: Setting CVar [[r.VolumetricFog.HistoryMissSupersampleCount:4]]
[2019.05.04-19.44.20:850][  0]LogConfig: Setting CVar [[r.LightMaxDrawDistanceScale:1]]
[2019.05.04-19.44.20:850][  0]LogConfig: Setting CVar [[r.CapsuleShadows:1]]
[2019.05.04-19.44.20:850][  0]LogConfig: Applying CVar settings from Section [PostProcessQuality@3] File [Z:/Users/els/source/repos/01_BuildingEscape/BuildingEscape/Saved/Config/Windows/Scalability.ini]
[2019.05.04-19.44.20:850][  0]LogConfig: Setting CVar [[r.MotionBlurQuality:4]]
[2019.05.04-19.44.20:850][  0]LogConfig: Setting CVar [[r.AmbientOcclusionMipLevelFactor:0.4]]
[2019.05.04-19.44.20:850][  0]LogConfig: Setting CVar [[r.AmbientOcclusionMaxQuality:100]]
[2019.05.04-19.44.20:850][  0]LogConfig: Setting CVar [[r.AmbientOcclusionLevels:-1]]
[2019.05.04-19.44.20:850][  0]LogConfig: Setting CVar [[r.AmbientOcclusionRadiusScale:1.0]]
[2019.05.04-19.44.20:850][  0]LogConfig: Setting CVar [[r.DepthOfFieldQuality:2]]
[2019.05.04-19.44.20:850][  0]LogConfig: Setting CVar [[r.RenderTargetPoolMin:400]]
[2019.05.04-19.44.20:850][  0]LogConfig: Setting CVar [[r.LensFlareQuality:2]]
[2019.05.04-19.44.20:850][  0]LogConfig: Setting CVar [[r.SceneColorFringeQuality:1]]
[2019.05.04-19.44.20:850][  0]LogConfig: Setting CVar [[r.EyeAdaptationQuality:2]]
[2019.05.04-19.44.20:850][  0]LogConfig: Setting CVar [[r.BloomQuality:5]]
[2019.05.04-19.44.20:850][  0]LogConfig: Setting CVar [[r.FastBlurThreshold:100]]
[2019.05.04-19.44.20:850][  0]LogConfig: Setting CVar [[r.Upscale.Quality:3]]
[2019.05.04-19.44.20:850][  0]LogConfig: Setting CVar [[r.Tonemapper.GrainQuantization:1]]
[2019.05.04-19.44.20:850][  0]LogConfig: Setting CVar [[r.LightShaftQuality:1]]
[2019.05.04-19.44.20:850][  0]LogConfig: Setting CVar [[r.Filter.SizeScale:1]]
[2019.05.04-19.44.20:850][  0]LogConfig: Setting CVar [[r.Tonemapper.Quality:5]]
[2019.05.04-19.44.20:850][  0]LogConfig: Setting CVar [[r.DOF.Gather.AccumulatorQuality:1        ; higher gathering accumulator quality]]
[2019.05.04-19.44.20:850][  0]LogConfig: Setting CVar [[r.DOF.Gather.PostfilterMethod:1          ; Median3x3 postfilering method]]
[2019.05.04-19.44.20:850][  0]LogConfig: Setting CVar [[r.DOF.Gather.EnableBokehSettings:0       ; no bokeh simulation when gathering]]
[2019.05.04-19.44.20:850][  0]LogConfig: Setting CVar [[r.DOF.Gather.RingCount:4                 ; medium number of samples when gathering]]
[2019.05.04-19.44.20:850][  0]LogConfig: Setting CVar [[r.DOF.Scatter.ForegroundCompositing:1    ; additive foreground scattering]]
[2019.05.04-19.44.20:851][  0]LogConfig: Setting CVar [[r.DOF.Scatter.BackgroundCompositing:2    ; additive background scattering]]
[2019.05.04-19.44.20:851][  0]LogConfig: Setting CVar [[r.DOF.Scatter.EnableBokehSettings:1      ; bokeh simulation when scattering]]
[2019.05.04-19.44.20:851][  0]LogConfig: Setting CVar [[r.DOF.Scatter.MaxSpriteRatio:0.1         ; only a maximum of 10% of scattered bokeh]]
[2019.05.04-19.44.20:851][  0]LogConfig: Setting CVar [[r.DOF.Recombine.Quality:1                ; cheap slight out of focus]]
[2019.05.04-19.44.20:851][  0]LogConfig: Setting CVar [[r.DOF.Recombine.EnableBokehSettings:0    ; no bokeh simulation on slight out of focus]]
[2019.05.04-19.44.20:851][  0]LogConfig: Setting CVar [[r.DOF.TemporalAAQuality:1                ; more stable temporal accumulation]]
[2019.05.04-19.44.20:851][  0]LogConfig: Setting CVar [[r.DOF.Kernel.MaxForegroundRadius:0.025]]
[2019.05.04-19.44.20:851][  0]LogConfig: Setting CVar [[r.DOF.Kernel.MaxBackgroundRadius:0.025]]
[2019.05.04-19.44.20:851][  0]LogConfig: Applying CVar settings from Section [TextureQuality@3] File [Z:/Users/els/source/repos/01_BuildingEscape/BuildingEscape/Saved/Config/Windows/Scalability.ini]
[2019.05.04-19.44.20:851][  0]LogConfig: Setting CVar [[r.Streaming.MipBias:0]]
[2019.05.04-19.44.20:851][  0]LogConfig: Setting CVar [[r.Streaming.AmortizeCPUToGPUCopy:0]]
[2019.05.04-19.44.20:851][  0]LogConfig: Setting CVar [[r.Streaming.MaxNumTexturesToStreamPerFrame:0]]
[2019.05.04-19.44.20:851][  0]LogConfig: Setting CVar [[r.Streaming.Boost:1]]
[2019.05.04-19.44.20:851][  0]LogConfig: Setting CVar [[r.MaxAnisotropy:8]]
[2019.05.04-19.44.20:851][  0]LogConfig: Setting CVar [[r.Streaming.LimitPoolSizeToVRAM:0]]
[2019.05.04-19.44.20:851][  0]LogConfig: Setting CVar [[r.Streaming.PoolSize:1000]]
[2019.05.04-19.44.20:851][  0]LogConfig: Setting CVar [[r.Streaming.MaxEffectiveScreenSize:0]]
[2019.05.04-19.44.20:851][  0]LogConfig: Applying CVar settings from Section [EffectsQuality@3] File [Z:/Users/els/source/repos/01_BuildingEscape/BuildingEscape/Saved/Config/Windows/Scalability.ini]
[2019.05.04-19.44.20:851][  0]LogConfig: Setting CVar [[r.TranslucencyLightingVolumeDim:64]]
[2019.05.04-19.44.20:851][  0]LogConfig: Setting CVar [[r.RefractionQuality:2]]
[2019.05.04-19.44.20:851][  0]LogConfig: Setting CVar [[r.SSR.Quality:3]]
[2019.05.04-19.44.20:851][  0]LogConfig: Setting CVar [[r.SceneColorFormat:4]]
[2019.05.04-19.44.20:851][  0]LogConfig: Setting CVar [[r.DetailMode:2]]
[2019.05.04-19.44.20:851][  0]LogConfig: Setting CVar [[r.TranslucencyVolumeBlur:1]]
[2019.05.04-19.44.20:851][  0]LogConfig: Setting CVar [[r.MaterialQualityLevel:1 ; High quality]]
[2019.05.04-19.44.20:851][  0]LogConfig: Setting CVar [[r.SSS.Scale:1]]
[2019.05.04-19.44.20:851][  0]LogConfig: Setting CVar [[r.SSS.SampleSet:2]]
[2019.05.04-19.44.20:851][  0]LogConfig: Setting CVar [[r.SSS.Quality:1]]
[2019.05.04-19.44.20:851][  0]LogConfig: Setting CVar [[r.SSS.HalfRes:1]]
[2019.05.04-19.44.20:851][  0]LogConfig: Setting CVar [[r.EmitterSpawnRateScale:1.0]]
[2019.05.04-19.44.20:851][  0]LogConfig: Setting CVar [[r.ParticleLightQuality:2]]
[2019.05.04-19.44.20:851][  0]LogConfig: Applying CVar settings from Section [FoliageQuality@3] File [Z:/Users/els/source/repos/01_BuildingEscape/BuildingEscape/Saved/Config/Windows/Scalability.ini]
[2019.05.04-19.44.20:851][  0]LogConfig: Setting CVar [[foliage.DensityScale:1.0]]
[2019.05.04-19.44.20:851][  0]LogConfig: Setting CVar [[grass.DensityScale:1.0]]
[2019.05.04-19.44.20:851][  0]LogInit: Selected Device Profile: [Windows]
[2019.05.04-19.44.20:851][  0]LogInit: Applying CVar settings loaded from the selected device profile: [Windows]
[2019.05.04-19.44.20:903][  0]LogHAL: Display: Platform has ~ 32 GB [34100625408 / 34359738368 / 32], which maps to Largest [LargestMinGB=32, LargerMinGB=12, DefaultMinGB=8, SmallerMinGB=6, SmallestMinGB=0)
[2019.05.04-19.44.20:903][  0]LogConfig: Setting CVar [[r.Vulkan.UseRealUBs:0		; Required until we fix HLR fall-out]]
[2019.05.04-19.44.20:903][  0]LogInit: Going up to parent DeviceProfile []
[2019.05.04-19.44.20:903][  0]LogConfig: Applying CVar settings from Section [ViewDistanceQuality@3] File [Z:/Users/els/source/repos/01_BuildingEscape/BuildingEscape/Saved/Config/Windows/Scalability.ini]
[2019.05.04-19.44.20:903][  0]LogConfig: Setting CVar [[r.SkeletalMeshLODBias:0]]
[2019.05.04-19.44.20:903][  0]LogConfig: Setting CVar [[r.ViewDistanceScale:1.0]]
[2019.05.04-19.44.20:903][  0]LogConfig: Applying CVar settings from Section [AntiAliasingQuality@3] File [Z:/Users/els/source/repos/01_BuildingEscape/BuildingEscape/Saved/Config/Windows/Scalability.ini]
[2019.05.04-19.44.20:903][  0]LogConfig: Setting CVar [[r.PostProcessAAQuality:4]]
[2019.05.04-19.44.20:903][  0]LogConfig: Applying CVar settings from Section [ShadowQuality@3] File [Z:/Users/els/source/repos/01_BuildingEscape/BuildingEscape/Saved/Config/Windows/Scalability.ini]
[2019.05.04-19.44.20:903][  0]LogConfig: Setting CVar [[r.LightFunctionQuality:1]]
[2019.05.04-19.44.20:903][  0]LogConfig: Setting CVar [[r.ShadowQuality:5]]
[2019.05.04-19.44.20:903][  0]LogConfig: Setting CVar [[r.Shadow.CSM.MaxCascades:10]]
[2019.05.04-19.44.20:903][  0]LogConfig: Setting CVar [[r.Shadow.MaxResolution:2048]]
[2019.05.04-19.44.20:903][  0]LogConfig: Setting CVar [[r.Shadow.MaxCSMResolution:2048]]
[2019.05.04-19.44.20:903][  0]LogConfig: Setting CVar [[r.Shadow.RadiusThreshold:0.01]]
[2019.05.04-19.44.20:903][  0]LogConfig: Setting CVar [[r.Shadow.DistanceScale:1.0]]
[2019.05.04-19.44.20:903][  0]LogConfig: Setting CVar [[r.Shadow.CSM.TransitionScale:1.0]]
[2019.05.04-19.44.20:903][  0]LogConfig: Setting CVar [[r.Shadow.PreShadowResolutionFactor:1.0]]
[2019.05.04-19.44.20:903][  0]LogConfig: Setting CVar [[r.DistanceFieldShadowing:1]]
[2019.05.04-19.44.20:903][  0]LogConfig: Setting CVar [[r.DistanceFieldAO:1]]
[2019.05.04-19.44.20:903][  0]LogConfig: Setting CVar [[r.AOQuality:2]]
[2019.05.04-19.44.20:903][  0]LogConfig: Setting CVar [[r.VolumetricFog:1]]
[2019.05.04-19.44.20:903][  0]LogConfig: Setting CVar [[r.VolumetricFog.GridPixelSize:8]]
[2019.05.04-19.44.20:903][  0]LogConfig: Setting CVar [[r.VolumetricFog.GridSizeZ:128]]
[2019.05.04-19.44.20:903][  0]LogConfig: Setting CVar [[r.VolumetricFog.HistoryMissSupersampleCount:4]]
[2019.05.04-19.44.20:904][  0]LogConfig: Setting CVar [[r.LightMaxDrawDistanceScale:1]]
[2019.05.04-19.44.20:904][  0]LogConfig: Setting CVar [[r.CapsuleShadows:1]]
[2019.05.04-19.44.20:904][  0]LogConfig: Applying CVar settings from Section [PostProcessQuality@3] File [Z:/Users/els/source/repos/01_BuildingEscape/BuildingEscape/Saved/Config/Windows/Scalability.ini]
[2019.05.04-19.44.20:904][  0]LogConfig: Setting CVar [[r.MotionBlurQuality:4]]
[2019.05.04-19.44.20:904][  0]LogConfig: Setting CVar [[r.AmbientOcclusionMipLevelFactor:0.4]]
[2019.05.04-19.44.20:904][  0]LogConfig: Setting CVar [[r.AmbientOcclusionMaxQuality:100]]
[2019.05.04-19.44.20:904][  0]LogConfig: Setting CVar [[r.AmbientOcclusionLevels:-1]]
[2019.05.04-19.44.20:904][  0]LogConfig: Setting CVar [[r.AmbientOcclusionRadiusScale:1.0]]
[2019.05.04-19.44.20:904][  0]LogConfig: Setting CVar [[r.DepthOfFieldQuality:2]]
[2019.05.04-19.44.20:904][  0]LogConfig: Setting CVar [[r.RenderTargetPoolMin:400]]
[2019.05.04-19.44.20:904][  0]LogConfig: Setting CVar [[r.LensFlareQuality:2]]
[2019.05.04-19.44.20:904][  0]LogConfig: Setting CVar [[r.SceneColorFringeQuality:1]]
[2019.05.04-19.44.20:904][  0]LogConfig: Setting CVar [[r.EyeAdaptationQuality:2]]
[2019.05.04-19.44.20:904][  0]LogConfig: Setting CVar [[r.BloomQuality:5]]
[2019.05.04-19.44.20:904][  0]LogConfig: Setting CVar [[r.FastBlurThreshold:100]]
[2019.05.04-19.44.20:904][  0]LogConfig: Setting CVar [[r.Upscale.Quality:3]]
[2019.05.04-19.44.20:904][  0]LogConfig: Setting CVar [[r.Tonemapper.GrainQuantization:1]]
[2019.05.04-19.44.20:904][  0]LogConfig: Setting CVar [[r.LightShaftQuality:1]]
[2019.05.04-19.44.20:904][  0]LogConfig: Setting CVar [[r.Filter.SizeScale:1]]
[2019.05.04-19.44.20:904][  0]LogConfig: Setting CVar [[r.Tonemapper.Quality:5]]
[2019.05.04-19.44.20:904][  0]LogConfig: Setting CVar [[r.DOF.Gather.AccumulatorQuality:1        ; higher gathering accumulator quality]]
[2019.05.04-19.44.20:904][  0]LogConfig: Setting CVar [[r.DOF.Gather.PostfilterMethod:1          ; Median3x3 postfilering method]]
[2019.05.04-19.44.20:904][  0]LogConfig: Setting CVar [[r.DOF.Gather.EnableBokehSettings:0       ; no bokeh simulation when gathering]]
[2019.05.04-19.44.20:904][  0]LogConfig: Setting CVar [[r.DOF.Gather.RingCount:4                 ; medium number of samples when gathering]]
[2019.05.04-19.44.20:904][  0]LogConfig: Setting CVar [[r.DOF.Scatter.ForegroundCompositing:1    ; additive foreground scattering]]
[2019.05.04-19.44.20:904][  0]LogConfig: Setting CVar [[r.DOF.Scatter.BackgroundCompositing:2    ; additive background scattering]]
[2019.05.04-19.44.20:904][  0]LogConfig: Setting CVar [[r.DOF.Scatter.EnableBokehSettings:1      ; bokeh simulation when scattering]]
[2019.05.04-19.44.20:904][  0]LogConfig: Setting CVar [[r.DOF.Scatter.MaxSpriteRatio:0.1         ; only a maximum of 10% of scattered bokeh]]
[2019.05.04-19.44.20:904][  0]LogConfig: Setting CVar [[r.DOF.Recombine.Quality:1                ; cheap slight out of focus]]
[2019.05.04-19.44.20:904][  0]LogConfig: Setting CVar [[r.DOF.Recombine.EnableBokehSettings:0    ; no bokeh simulation on slight out of focus]]
[2019.05.04-19.44.20:904][  0]LogConfig: Setting CVar [[r.DOF.TemporalAAQuality:1                ; more stable temporal accumulation]]
[2019.05.04-19.44.20:904][  0]LogConfig: Setting CVar [[r.DOF.Kernel.MaxForegroundRadius:0.025]]
[2019.05.04-19.44.20:904][  0]LogConfig: Setting CVar [[r.DOF.Kernel.MaxBackgroundRadius:0.025]]
[2019.05.04-19.44.20:904][  0]LogConfig: Applying CVar settings from Section [TextureQuality@3] File [Z:/Users/els/source/repos/01_BuildingEscape/BuildingEscape/Saved/Config/Windows/Scalability.ini]
[2019.05.04-19.44.20:904][  0]LogConfig: Setting CVar [[r.Streaming.MipBias:0]]
[2019.05.04-19.44.20:904][  0]LogConfig: Setting CVar [[r.Streaming.AmortizeCPUToGPUCopy:0]]
[2019.05.04-19.44.20:904][  0]LogConfig: Setting CVar [[r.Streaming.MaxNumTexturesToStreamPerFrame:0]]
[2019.05.04-19.44.20:904][  0]LogConfig: Setting CVar [[r.Streaming.Boost:1]]
[2019.05.04-19.44.20:904][  0]LogConfig: Setting CVar [[r.MaxAnisotropy:8]]
[2019.05.04-19.44.20:904][  0]LogConfig: Setting CVar [[r.Streaming.LimitPoolSizeToVRAM:0]]
[2019.05.04-19.44.20:904][  0]LogConfig: Setting CVar [[r.Streaming.PoolSize:1000]]
[2019.05.04-19.44.20:904][  0]LogConfig: Setting CVar [[r.Streaming.MaxEffectiveScreenSize:0]]
[2019.05.04-19.44.20:904][  0]LogConfig: Applying CVar settings from Section [EffectsQuality@3] File [Z:/Users/els/source/repos/01_BuildingEscape/BuildingEscape/Saved/Config/Windows/Scalability.ini]
[2019.05.04-19.44.20:904][  0]LogConfig: Setting CVar [[r.TranslucencyLightingVolumeDim:64]]
[2019.05.04-19.44.20:904][  0]LogConfig: Setting CVar [[r.RefractionQuality:2]]
[2019.05.04-19.44.20:904][  0]LogConfig: Setting CVar [[r.SSR.Quality:3]]
[2019.05.04-19.44.20:904][  0]LogConfig: Setting CVar [[r.SceneColorFormat:4]]
[2019.05.04-19.44.20:904][  0]LogConfig: Setting CVar [[r.DetailMode:2]]
[2019.05.04-19.44.20:904][  0]LogConfig: Setting CVar [[r.TranslucencyVolumeBlur:1]]
[2019.05.04-19.44.20:904][  0]LogConfig: Setting CVar [[r.MaterialQualityLevel:1 ; High quality]]
[2019.05.04-19.44.20:904][  0]LogConfig: Setting CVar [[r.SSS.Scale:1]]
[2019.05.04-19.44.20:904][  0]LogConfig: Setting CVar [[r.SSS.SampleSet:2]]
[2019.05.04-19.44.20:904][  0]LogConfig: Setting CVar [[r.SSS.Quality:1]]
[2019.05.04-19.44.20:904][  0]LogConfig: Setting CVar [[r.SSS.HalfRes:1]]
[2019.05.04-19.44.20:904][  0]LogConfig: Setting CVar [[r.EmitterSpawnRateScale:1.0]]
[2019.05.04-19.44.20:904][  0]LogConfig: Setting CVar [[r.ParticleLightQuality:2]]
[2019.05.04-19.44.20:904][  0]LogConfig: Applying CVar settings from Section [FoliageQuality@3] File [Z:/Users/els/source/repos/01_BuildingEscape/BuildingEscape/Saved/Config/Windows/Scalability.ini]
[2019.05.04-19.44.20:904][  0]LogConfig: Setting CVar [[foliage.DensityScale:1.0]]
[2019.05.04-19.44.20:904][  0]LogConfig: Setting CVar [[grass.DensityScale:1.0]]
[2019.05.04-19.44.20:904][  0]LogConfig: Applying CVar settings from Section [Startup] File [../../../Engine/Config/ConsoleVariables.ini]
[2019.05.04-19.44.20:904][  0]LogConfig: Setting CVar [[net.UseAdaptiveNetUpdateFrequency:0]]
[2019.05.04-19.44.20:904][  0]LogConfig: Setting CVar [[p.chaos.AllowCreatePhysxBodies:1]]
[2019.05.04-19.44.20:904][  0]LogConfig: Applying CVar settings from Section [ConsoleVariables] File [Z:/Users/els/source/repos/01_BuildingEscape/BuildingEscape/Saved/Config/Windows/Engine.ini]
[2019.05.04-19.44.20:904][  0]LogInit: Computer: ELS-SCHOOL-1
[2019.05.04-19.44.20:904][  0]LogInit: User: els
[2019.05.04-19.44.20:904][  0]LogInit: CPU Page size=4096, Cores=4
[2019.05.04-19.44.20:904][  0]LogInit: High frequency timer resolution =3.507508 MHz
[2019.05.04-19.44.20:905][  0]LogMemory: Memory total: Physical=31.8GB (32GB approx)
[2019.05.04-19.44.20:905][  0]LogMemory: Platform Memory Stats for Windows
[2019.05.04-19.44.20:905][  0]LogMemory: Process Physical Memory: 100.24 MB used, 105.48 MB peak
[2019.05.04-19.44.20:905][  0]LogMemory: Process Virtual Memory: 91.20 MB used, 91.20 MB peak
[2019.05.04-19.44.20:905][  0]LogMemory: Physical Memory: 8372.85 MB used,  24148.04 MB free, 32520.89 MB total
[2019.05.04-19.44.20:905][  0]LogMemory: Virtual Memory: 509.46 MB used,  134217216.00 MB free, 134217728.00 MB total
[2019.05.04-19.44.20:919][  0]LogInit: Using OS detected language (en-US).
[2019.05.04-19.44.20:919][  0]LogInit: Using OS detected locale (en-US).
[2019.05.04-19.44.20:919][  0]LogTextLocalizationManager: No specific localization for 'en-US' exists, so the 'en' localization will be used.
[2019.05.04-19.44.21:102][  0]LogSlate: New Slate User Created.  User Index 0, Is Virtual User: 0
[2019.05.04-19.44.21:102][  0]LogSlate: Slate User Registered.  User Index 0, Is Virtual User: 0
[2019.05.04-19.44.21:238][  0]LogHMD: Failed to initialize OpenVR with code 110
[2019.05.04-19.44.21:238][  0]LogD3D11RHI: D3D11 adapters:
[2019.05.04-19.44.21:259][  0]LogD3D11RHI:    0. 'NVIDIA Quadro K2200' (Feature Level 11_0)
[2019.05.04-19.44.21:259][  0]LogD3D11RHI:       3971/0/16260 MB DedicatedVideo/DedicatedSystem/SharedSystem, Outputs:2, VendorId:0x10de
[2019.05.04-19.44.21:261][  0]LogD3D11RHI:    1. 'Microsoft Basic Render Driver' (Feature Level 11_0)
[2019.05.04-19.44.21:261][  0]LogD3D11RHI:       0/0/256 MB DedicatedVideo/DedicatedSystem/SharedSystem, Outputs:0, VendorId:0x1414
[2019.05.04-19.44.21:261][  0]LogD3D11RHI: Chosen D3D11 Adapter: 0
[2019.05.04-19.44.21:266][  0]LogD3D11RHI: Creating new Direct3DDevice
[2019.05.04-19.44.21:266][  0]LogD3D11RHI:     GPU DeviceId: 0x13ba (for the marketing name, search the web for "GPU Device Id")
[2019.05.04-19.44.21:266][  0]LogWindows: EnumDisplayDevices:
[2019.05.04-19.44.21:266][  0]LogWindows:    0. 'NVIDIA Quadro K2200' (P:0 D:1)
[2019.05.04-19.44.21:266][  0]LogWindows:    1. 'NVIDIA Quadro K2200' (P:1 D:1)
[2019.05.04-19.44.21:266][  0]LogWindows:    2. 'NVIDIA Quadro K2200' (P:0 D:0)
[2019.05.04-19.44.21:266][  0]LogWindows:    3. 'NVIDIA Quadro K2200' (P:0 D:0)
[2019.05.04-19.44.21:266][  0]LogWindows: DebugString: FoundDriverCount:4 
[2019.05.04-19.44.21:266][  0]LogD3D11RHI:     Adapter Name: NVIDIA Quadro K2200
[2019.05.04-19.44.21:266][  0]LogD3D11RHI:   Driver Version: 385.69 (internal:22.21.13.8569, unified:385.69)
[2019.05.04-19.44.21:266][  0]LogD3D11RHI:      Driver Date: 9-16-2017
[2019.05.04-19.44.21:266][  0]LogRHI: Texture pool is 2779 MB (70% of 3971 MB)
[2019.05.04-19.44.21:278][  0]LogD3D11RHI: Async texture creation enabled
[2019.05.04-19.44.21:281][  0]LogRendererCore: FGlobalReadBuffer::InitRHI
[2019.05.04-19.44.21:281][  0]LogRendererCore: FGlobalReadBuffer::InitRHI
[2019.05.04-19.44.21:281][  0]LogRendererCore: FGlobalReadBuffer::InitRHI
[2019.05.04-19.44.21:295][  0]LogD3D11RHI: GPU Timing Frequency: 1000.000000 (Debug: 2 2)
[2019.05.04-19.44.21:503][  0]LogTemp: Display: Module 'AllDesktopTargetPlatform' loaded TargetPlatform 'AllDesktop'
[2019.05.04-19.44.21:514][  0]LogTemp: Display: Module 'MacClientTargetPlatform' loaded TargetPlatform 'MacClient'
[2019.05.04-19.44.21:525][  0]LogTemp: Display: Module 'MacNoEditorTargetPlatform' loaded TargetPlatform 'MacNoEditor'
[2019.05.04-19.44.21:537][  0]LogTemp: Display: Module 'MacServerTargetPlatform' loaded TargetPlatform 'MacServer'
[2019.05.04-19.44.21:549][  0]LogTemp: Display: Module 'MacTargetPlatform' loaded TargetPlatform 'Mac'
[2019.05.04-19.44.21:561][  0]LogTemp: Display: Module 'WindowsClientTargetPlatform' loaded TargetPlatform 'WindowsClient'
[2019.05.04-19.44.21:573][  0]LogTemp: Display: Module 'WindowsNoEditorTargetPlatform' loaded TargetPlatform 'WindowsNoEditor'
[2019.05.04-19.44.21:585][  0]LogTemp: Display: Module 'WindowsServerTargetPlatform' loaded TargetPlatform 'WindowsServer'
[2019.05.04-19.44.21:590][  0]LogTemp: Display: Module 'WindowsTargetPlatform' loaded TargetPlatform 'Windows'
[2019.05.04-19.44.21:659][  0]LogTemp: Display: Module 'AndroidTargetPlatform' loaded TargetPlatform 'Android'
[2019.05.04-19.44.21:659][  0]LogTemp: Display: Module 'AndroidTargetPlatform' loaded TargetPlatform 'Android_ASTC'
[2019.05.04-19.44.21:659][  0]LogTemp: Display: Module 'AndroidTargetPlatform' loaded TargetPlatform 'Android_ATC'
[2019.05.04-19.44.21:659][  0]LogTemp: Display: Module 'AndroidTargetPlatform' loaded TargetPlatform 'Android_DXT'
[2019.05.04-19.44.21:659][  0]LogTemp: Display: Module 'AndroidTargetPlatform' loaded TargetPlatform 'Android_ETC1'
[2019.05.04-19.44.21:659][  0]LogTemp: Display: Module 'AndroidTargetPlatform' loaded TargetPlatform 'Android_ETC1a'
[2019.05.04-19.44.21:659][  0]LogTemp: Display: Module 'AndroidTargetPlatform' loaded TargetPlatform 'Android_ETC2'
[2019.05.04-19.44.21:659][  0]LogTemp: Display: Module 'AndroidTargetPlatform' loaded TargetPlatform 'Android_PVRTC'
[2019.05.04-19.44.21:659][  0]LogTemp: Display: Module 'AndroidTargetPlatform' loaded TargetPlatform 'AndroidClient'
[2019.05.04-19.44.21:659][  0]LogTemp: Display: Module 'AndroidTargetPlatform' loaded TargetPlatform 'Android_ASTCClient'
[2019.05.04-19.44.21:659][  0]LogTemp: Display: Module 'AndroidTargetPlatform' loaded TargetPlatform 'Android_ATCClient'
[2019.05.04-19.44.21:659][  0]LogTemp: Display: Module 'AndroidTargetPlatform' loaded TargetPlatform 'Android_DXTClient'
[2019.05.04-19.44.21:659][  0]LogTemp: Display: Module 'AndroidTargetPlatform' loaded TargetPlatform 'Android_ETC1Client'
[2019.05.04-19.44.21:659][  0]LogTemp: Display: Module 'AndroidTargetPlatform' loaded TargetPlatform 'Android_ETC1aClient'
[2019.05.04-19.44.21:659][  0]LogTemp: Display: Module 'AndroidTargetPlatform' loaded TargetPlatform 'Android_ETC2Client'
[2019.05.04-19.44.21:659][  0]LogTemp: Display: Module 'AndroidTargetPlatform' loaded TargetPlatform 'Android_PVRTCClient'
[2019.05.04-19.44.21:659][  0]LogTemp: Display: Module 'AndroidTargetPlatform' loaded TargetPlatform 'Android_Multi'
[2019.05.04-19.44.21:659][  0]LogTemp: Display: Module 'AndroidTargetPlatform' loaded TargetPlatform 'Android_MultiClient'
[2019.05.04-19.44.21:660][  0]LogTemp: Display: Module 'HTML5TargetPlatform' loaded TargetPlatform 'HTML5'
[2019.05.04-19.44.21:705][  0]LogTemp: Display: Module 'IOSTargetPlatform' loaded TargetPlatform 'IOSClient'
[2019.05.04-19.44.21:705][  0]LogTemp: Display: Module 'IOSTargetPlatform' loaded TargetPlatform 'IOS'
[2019.05.04-19.44.21:726][  0]LogTemp: Display: Module 'TVOSTargetPlatform' loaded TargetPlatform 'TVOSClient'
[2019.05.04-19.44.21:726][  0]LogTemp: Display: Module 'TVOSTargetPlatform' loaded TargetPlatform 'TVOS'
[2019.05.04-19.44.21:738][  0]LogTemp: Display: Module 'LinuxClientTargetPlatform' loaded TargetPlatform 'LinuxClient'
[2019.05.04-19.44.21:748][  0]LogTemp: Display: Module 'LinuxNoEditorTargetPlatform' loaded TargetPlatform 'LinuxNoEditor'
[2019.05.04-19.44.21:759][  0]LogTemp: Display: Module 'LinuxServerTargetPlatform' loaded TargetPlatform 'LinuxServer'
[2019.05.04-19.44.21:770][  0]LogTemp: Display: Module 'LinuxTargetPlatform' loaded TargetPlatform 'Linux'
[2019.05.04-19.44.21:812][  0]LogTemp: Display: Module 'LuminTargetPlatform' loaded TargetPlatform 'Lumin'
[2019.05.04-19.44.21:812][  0]LogTemp: Display: Module 'LuminTargetPlatform' loaded TargetPlatform 'LuminClient'
[2019.05.04-19.44.21:812][  0]LogTargetPlatformManager: Display: Building Assets For Windows
[2019.05.04-19.44.21:817][  0]LogAudioDebug: Display: Lib vorbis DLL was dynamically loaded.
[2019.05.04-19.44.21:845][  0]LogShaderCompilers: Guid format shader working directory is -30 characters bigger than the processId version (../../../../../../Users/els/source/repos/01_BuildingEscape/BuildingEscape/Intermediate/Shaders/WorkingDirectory/16064/).
[2019.05.04-19.44.21:845][  0]LogShaderCompilers: Cleaned the shader compiler working directory 'C:/Users/els/AppData/Local/Temp/UnrealShaderWorkingDir/448CFD344DD1B34B89503E8F90ABEC46/'.
[2019.05.04-19.44.21:846][  0]LogXGEController: Cannot use XGE Controller as Incredibuild is not installed on this machine.
[2019.05.04-19.44.21:846][  0]LogShaderCompilers: Cannot use XGE Shader Compiler as Incredibuild is not installed on this machine.
[2019.05.04-19.44.21:846][  0]LogShaderCompilers: Display: Using Local Shader Compiler.
[2019.05.04-19.44.22:390][  0]LogDerivedDataCache: Display: Max Cache Size: 512 MB
[2019.05.04-19.44.22:457][  0]LogDerivedDataCache: Loaded boot cache 0.07s 71MB C:/Users/els/AppData/Local/UnrealEngine/4.22/DerivedDataCache/Boot.ddc.
[2019.05.04-19.44.22:457][  0]LogDerivedDataCache: Display: Loaded Boot cache: C:/Users/els/AppData/Local/UnrealEngine/4.22/DerivedDataCache/Boot.ddc
[2019.05.04-19.44.22:457][  0]LogDerivedDataCache: FDerivedDataBackendGraph:  Pak pak cache file ../../../../../../Users/els/source/repos/01_BuildingEscape/BuildingEscape/DerivedDataCache/DDC.ddp not found, will not use a pak cache.
[2019.05.04-19.44.22:457][  0]LogDerivedDataCache: Unable to find inner node Pak for hierarchical cache Hierarchy.
[2019.05.04-19.44.22:457][  0]LogDerivedDataCache: FDerivedDataBackendGraph:  CompressedPak pak cache file ../../../../../../Users/els/source/repos/01_BuildingEscape/BuildingEscape/DerivedDataCache/Compressed.ddp not found, will not use a pak cache.
[2019.05.04-19.44.22:457][  0]LogDerivedDataCache: Unable to find inner node CompressedPak for hierarchical cache Hierarchy.
[2019.05.04-19.44.22:469][  0]LogDerivedDataCache: Display: Pak cache opened for reading ../../../Engine/DerivedDataCache/Compressed.ddp.
[2019.05.04-19.44.22:469][  0]LogDerivedDataCache: FDerivedDataBackendGraph:  EnterprisePak pak cache file ../../../Enterprise/DerivedDataCache/Compressed.ddp not found, will not use a pak cache.
[2019.05.04-19.44.22:469][  0]LogDerivedDataCache: Unable to find inner node EnterprisePak for hierarchical cache Hierarchy.
[2019.05.04-19.44.22:481][  0]LogDerivedDataCache: Using Local data cache path C:/Users/els/AppData/Local/UnrealEngine/Common/DerivedDataCache: Writable
[2019.05.04-19.44.22:481][  0]LogDerivedDataCache: Shared data cache path not found in *engine.ini, will not use an Shared cache.
[2019.05.04-19.44.22:481][  0]LogDerivedDataCache: Unable to find inner node Shared for hierarchical cache Hierarchy.
[2019.05.04-19.44.22:502][  0]LogMaterial: Verifying Global Shaders for PCD3D_SM5
[2019.05.04-19.44.22:503][  0]LogSlate: Using FreeType 2.6.0
[2019.05.04-19.44.22:504][  0]LogSlate: SlateFontServices - WITH_FREETYPE: 1, WITH_HARFBUZZ: 1
[2019.05.04-19.44.22:581][  0]LogAssetRegistry: FAssetRegistry took 0.0324 seconds to start up
[2019.05.04-19.44.24:989][  0]LogInit: Selected Device Profile: [Windows]
[2019.05.04-19.44.25:030][  0]LogMeshReduction: Using QuadricMeshReduction for automatic static mesh reduction
[2019.05.04-19.44.25:030][  0]LogMeshReduction: Using SimplygonMeshReduction for automatic skeletal mesh reduction
[2019.05.04-19.44.25:030][  0]LogMeshReduction: Using ProxyLODMeshReduction for automatic mesh merging
[2019.05.04-19.44.25:030][  0]LogMeshReduction: No distributed automatic mesh merging module available
[2019.05.04-19.44.25:030][  0]LogMeshMerging: No distributed automatic mesh merging module available
[2019.05.04-19.44.25:116][  0]LogNetVersion: BuildingEscape 1.0.0, NetCL: 5660361, EngineNetVer: 10, GameNetVer: 0 (Checksum: 1788021529)
[2019.05.04-19.44.25:505][  0]LogPackageLocalizationCache: Processed 10 localized package path(s) for 1 prioritized culture(s) in 0.044351 seconds
[2019.05.04-19.44.25:512][  0]LogUObjectArray: 42205 objects as part of root set at end of initial load.
[2019.05.04-19.44.25:512][  0]LogUObjectAllocator: 7325032 out of 0 bytes used by permanent object pool.
[2019.05.04-19.44.25:512][  0]LogUObjectArray: CloseDisregardForGC: 0/0 objects in disregard for GC pool
[2019.05.04-19.44.26:196][  0]LogTcpMessaging: Initializing TcpMessaging bridge
[2019.05.04-19.44.26:210][  0]LogUdpMessaging: Initializing bridge on interface 0.0.0.0:0 to multicast group 230.0.0.1:6666.
[2019.05.04-19.44.26:313][  0]SourceControl: Source control is disabled
[2019.05.04-19.44.26:313][  0]SourceControl: Source control is disabled
[2019.05.04-19.44.26:315][  0]SourceControl: Source control is disabled
[2019.05.04-19.44.26:315][  0]SourceControl: Source control is disabled
[2019.05.04-19.44.26:387][  0]LogAndroidPermission: UAndroidPermissionCallbackProxy::GetInstance
[2019.05.04-19.44.26:437][  0]LogOcInput: OculusInput pre-init called
[2019.05.04-19.44.27:064][  0]LogEngine: Initializing Engine...
[2019.05.04-19.44.27:064][  0]LogHMD: Failed to initialize OpenVR with code 110
[2019.05.04-19.44.27:065][  0]LogStats: UGameplayTagsManager::InitializeManager -  0.000 s
[2019.05.04-19.44.27:308][  0]LogInit: Initializing FReadOnlyCVARCache
[2019.05.04-19.44.27:316][  0]LogAIModule: Creating AISystem for world Untitled
[2019.05.04-19.44.27:321][  0]LogInit: XAudio2 using 'Speakers (Realtek High Definition Audio)' : 2 channels at 48 kHz using 32 bits per sample (channel mask 0x3)
[2019.05.04-19.44.27:329][  0]LogInit: FAudioDevice initialized.
[2019.05.04-19.44.27:329][  0]LogNetVersion: Set ProjectVersion to 1.0.0.0. Version Checksum will be recalculated on next use.
[2019.05.04-19.44.27:410][  0]LogDerivedDataCache: Saved boot cache 0.08s 71MB C:/Users/els/AppData/Local/UnrealEngine/4.22/DerivedDataCache/Boot.ddc.
[2019.05.04-19.44.27:419][  0]LogInit: Texture streaming: Enabled
[2019.05.04-19.44.27:431][  0]LogEngineSessionManager: EngineSessionManager initialized
[2019.05.04-19.44.27:444][  0]LogInit: Transaction tracking system initialized
[2019.05.04-19.44.27:457][  0]BlueprintLog: New page: Editor Load
[2019.05.04-19.44.27:506][  0]LocalizationService: Localization service is disabled
[2019.05.04-19.44.27:746][  0]LogFileCache: Scanning file cache for directory 'Z:/Users/els/source/repos/01_BuildingEscape/BuildingEscape/Content/' took 0.01s
[2019.05.04-19.44.27:746][  0]LogCook: Display: Max memory allowance for cook 16384mb min free memory 0mb
[2019.05.04-19.44.27:746][  0]LogCook: Display: Mobile HDR setting 1
[2019.05.04-19.44.27:876][  0]SourceControl: Source control is disabled
[2019.05.04-19.44.27:876][  0]Cmd: MAP LOAD FILE="../../../../../../Users/els/source/repos/01_BuildingEscape/BuildingEscape/Content/MyNewMap.umap" TEMPLATE=0 SHOWPROGRESS=1 FEATURELEVEL=3
[2019.05.04-19.44.27:877][  0]LightingResults: New page: Lighting Build
[2019.05.04-19.44.27:878][  0]MapCheck: New page: Map Check
[2019.05.04-19.44.27:878][  0]LightingResults: New page: Lighting Build
[2019.05.04-19.44.27:902][  0]LogUObjectHash: Compacting FUObjectHashTables data took   1.73ms
[2019.05.04-19.44.28:065][  0]LogAIModule: Creating AISystem for world MyNewMap
[2019.05.04-19.44.28:070][  0]LogEditorServer: Finished looking for orphan Actors (0.000 secs)
[2019.05.04-19.44.28:095][  0]LogUObjectHash: Compacting FUObjectHashTables data took   1.33ms
[2019.05.04-19.44.28:095][  0]Cmd: MAP CHECKDEP NOCLEARLOG
[2019.05.04-19.44.28:095][  0]MapCheck: Map check complete: 0 Error(s), 0 Warning(s), took 0.115ms to complete.
[2019.05.04-19.44.28:095][  0]LogFileHelpers: Loading map 'MyNewMap' took 0.218
[2019.05.04-19.44.28:181][  0]LogCollectionManager: Loaded 0 collections in 0.000575 seconds
[2019.05.04-19.44.28:219][  0]LogFileCache: Scanning file cache for directory 'Z:/Users/els/source/repos/01_BuildingEscape/BuildingEscape/Saved/Collections/' took 0.01s
[2019.05.04-19.44.28:219][  0]LogFileCache: Scanning file cache for directory 'Z:/Users/els/source/repos/01_BuildingEscape/BuildingEscape/Content/Developers/els/Collections/' took 0.01s
[2019.05.04-19.44.28:219][  0]LogFileCache: Scanning file cache for directory 'Z:/Users/els/source/repos/01_BuildingEscape/BuildingEscape/Content/Collections/' took 0.01s
[2019.05.04-19.44.28:219][  0]LogCollectionManager: Rebuilt the GUID cache for 0 collections in 0.000001 seconds
[2019.05.04-19.44.28:228][  0]LogContentBrowser: Native class hierarchy populated in 0.0092 seconds. Added 2736 classes and 663 folders.
[2019.05.04-19.44.28:232][  0]LogContentBrowser: Native class hierarchy updated for 'WidgetCarousel' in 0.0003 seconds. Added 0 classes and 0 folders.
[2019.05.04-19.44.28:234][  0]LogPakFile: Registered encryption key '00000000000000000000000000000000': 0 pak files mounted, 0 remain pending
[2019.05.04-19.44.28:234][  0]LogPakFile: Registered encryption key '00000000000000000000000000000000': 0 pak files mounted, 0 remain pending
[2019.05.04-19.44.28:234][  0]LogPakFile: Registered encryption key '00000000000000000000000000000000': 0 pak files mounted, 0 remain pending
[2019.05.04-19.44.28:235][  0]LogPakFile: Registered encryption key '00000000000000000000000000000000': 0 pak files mounted, 0 remain pending
[2019.05.04-19.44.28:235][  0]LogPakFile: Registered encryption key '00000000000000000000000000000000': 0 pak files mounted, 0 remain pending
[2019.05.04-19.44.28:235][  0]LogPakFile: Registered encryption key '00000000000000000000000000000000': 0 pak files mounted, 0 remain pending
[2019.05.04-19.44.28:236][  0]LogPakFile: Registered encryption key '00000000000000000000000000000000': 0 pak files mounted, 0 remain pending
[2019.05.04-19.44.28:236][  0]LogPakFile: Registered encryption key '00000000000000000000000000000000': 0 pak files mounted, 0 remain pending
[2019.05.04-19.44.28:236][  0]LogPakFile: Registered encryption key '00000000000000000000000000000000': 0 pak files mounted, 0 remain pending
[2019.05.04-19.44.28:237][  0]LogPakFile: Registered encryption key '00000000000000000000000000000000': 0 pak files mounted, 0 remain pending
[2019.05.04-19.44.28:237][  0]LogPakFile: Registered encryption key '00000000000000000000000000000000': 0 pak files mounted, 0 remain pending
[2019.05.04-19.44.28:237][  0]LogPakFile: Registered encryption key '00000000000000000000000000000000': 0 pak files mounted, 0 remain pending
[2019.05.04-19.44.28:237][  0]LogPakFile: Registered encryption key '00000000000000000000000000000000': 0 pak files mounted, 0 remain pending
[2019.05.04-19.44.28:238][  0]LogPakFile: Registered encryption key '00000000000000000000000000000000': 0 pak files mounted, 0 remain pending
[2019.05.04-19.44.28:238][  0]LogPakFile: Registered encryption key '00000000000000000000000000000000': 0 pak files mounted, 0 remain pending
[2019.05.04-19.44.28:238][  0]LogPakFile: Registered encryption key '00000000000000000000000000000000': 0 pak files mounted, 0 remain pending
[2019.05.04-19.44.28:239][  0]LogPakFile: Registered encryption key '00000000000000000000000000000000': 0 pak files mounted, 0 remain pending
[2019.05.04-19.44.28:239][  0]LogPakFile: Registered encryption key '00000000000000000000000000000000': 0 pak files mounted, 0 remain pending
[2019.05.04-19.44.28:239][  0]LogPakFile: Registered encryption key '00000000000000000000000000000000': 0 pak files mounted, 0 remain pending
[2019.05.04-19.44.28:240][  0]LogPakFile: Registered encryption key '00000000000000000000000000000000': 0 pak files mounted, 0 remain pending
[2019.05.04-19.44.28:240][  0]LogPakFile: Registered encryption key '00000000000000000000000000000000': 0 pak files mounted, 0 remain pending
[2019.05.04-19.44.28:240][  0]LogPakFile: Registered encryption key '00000000000000000000000000000000': 0 pak files mounted, 0 remain pending
[2019.05.04-19.44.28:241][  0]LogPakFile: Registered encryption key '00000000000000000000000000000000': 0 pak files mounted, 0 remain pending
[2019.05.04-19.44.28:241][  0]LogPakFile: Registered encryption key '00000000000000000000000000000000': 0 pak files mounted, 0 remain pending
[2019.05.04-19.44.28:241][  0]LogPakFile: Registered encryption key '00000000000000000000000000000000': 0 pak files mounted, 0 remain pending
[2019.05.04-19.44.28:242][  0]LogPakFile: Registered encryption key '00000000000000000000000000000000': 0 pak files mounted, 0 remain pending
[2019.05.04-19.44.28:260][  0]LogContentBrowser: Native class hierarchy updated for 'AddContentDialog' in 0.0005 seconds. Added 0 classes and 0 folders.
[2019.05.04-19.44.28:277][  0]LogSlate: Updating window title bar state: overlay mode, drag disabled, window buttons hidden, title bar hidden
[2019.05.04-19.44.28:285][  0]LogSlate: Updating window title bar state: overlay mode, drag disabled, window buttons hidden, title bar hidden
[2019.05.04-19.44.28:293][  0]LogSlate: Updating window title bar state: overlay mode, drag disabled, window buttons hidden, title bar hidden
[2019.05.04-19.44.28:300][  0]LogSlate: Updating window title bar state: overlay mode, drag disabled, window buttons hidden, title bar hidden
[2019.05.04-19.44.28:311][  0]LogSlate: Took 0.000214 seconds to synchronously load lazily loaded font '../../../Engine/Content/Slate/Fonts/Roboto-Regular.ttf' (155K)
[2019.05.04-19.44.28:317][  0]LogSlate: Took 0.000258 seconds to synchronously load lazily loaded font '../../../Engine/Content/Slate/Fonts/Roboto-Bold.ttf' (160K)
[2019.05.04-19.44.28:320][  0]LogSlate: Took 0.000115 seconds to synchronously load lazily loaded font '../../../Engine/Content/Editor/Slate/Fonts/FontAwesome.ttf' (139K)
[2019.05.04-19.44.28:320][  0]LogSlate: Took 0.000091 seconds to synchronously load lazily loaded font '../../../Engine/Content/Slate/Fonts/DroidSansMono.ttf' (77K)
[2019.05.04-19.44.28:406][  0]LogRenderer: Reallocating scene render targets to support 916x428 Format 10 NumSamples 1 (Frame:1).
[2019.05.04-19.44.28:530][  0]LogContentBrowser: Native class hierarchy updated for 'HierarchicalLODOutliner' in 0.0004 seconds. Added 0 classes and 0 folders.
[2019.05.04-19.44.28:531][  0]LogLoad: (Engine Initialization) Total time: 8.94 seconds
[2019.05.04-19.44.28:531][  0]LogLoad: (Engine Initialization) Total Blueprint compile time: 0.00 seconds
[2019.05.04-19.44.28:564][  0]LogAssetRegistry: Asset discovery search completed in 6.0062 seconds
[2019.05.04-19.44.28:566][  0]LogCollectionManager: Rebuilt the object cache for 0 collections in 0.000000 seconds (found 0 objects)
[2019.05.04-19.44.28:567][  0]LogCollectionManager: Fixed up redirectors for 0 collections in 0.000199 seconds (updated 0 objects)
[2019.05.04-19.44.28:568][  0]LogContentStreaming: Texture pool size now 1000 MB
[2019.05.04-19.59.22:830][396]LogSlate: FSceneViewport::OnFocusLost() reason 2
[2019.05.04-19.59.53:199][264]LogHotReload: New module detected: UE4Editor-BuildingEscape-0022.dll
[2019.05.04-19.59.54:551][269]LogHotReload: Starting Hot-Reload from IDE
[2019.05.04-19.59.54:554][269]LogSlate: Took 0.000148 seconds to synchronously load lazily loaded font '../../../Engine/Content/Slate/Fonts/Roboto-Light.ttf' (167K)
[2019.05.04-19.59.54:601][269]LogUObjectHash: Compacting FUObjectHashTables data took   0.88ms
[2019.05.04-19.59.54:620][269]LogContentBrowser: Native class hierarchy updated for 'BuildingEscape' in 0.0004 seconds. Added 3 classes and 2 folders.
[2019.05.04-19.59.54:623][269]Display: HotReload successful (0 functions remapped  0 scriptstructs remapped)
[2019.05.04-19.59.54:745][269]LogUObjectHash: Compacting FUObjectHashTables data took   1.74ms
[2019.05.04-19.59.54:762][269]LogContentBrowser: Native class hierarchy populated in 0.0115 seconds. Added 2736 classes and 663 folders.
[2019.05.04-19.59.54:767][269]Display: HotReload took  0.2s.
[2019.05.04-20.23.28:239][491]LogHotReload: New module detected: UE4Editor-BuildingEscape-0024.dll
[2019.05.04-20.23.29:582][496]LogHotReload: Starting Hot-Reload from IDE
[2019.05.04-20.23.29:615][496]LogUObjectHash: Compacting FUObjectHashTables data took   0.87ms
[2019.05.04-20.23.29:634][496]LogContentBrowser: Native class hierarchy updated for 'BuildingEscape' in 0.0004 seconds. Added 3 classes and 2 folders.
[2019.05.04-20.23.29:638][496]Display: HotReload successful (0 functions remapped  0 scriptstructs remapped)
[2019.05.04-20.23.29:691][496]LogUObjectHash: Compacting FUObjectHashTables data took   1.45ms
[2019.05.04-20.23.29:705][496]LogContentBrowser: Native class hierarchy populated in 0.0089 seconds. Added 2736 classes and 663 folders.
[2019.05.04-20.23.29:707][496]Display: HotReload took  0.1s.
[2019.05.04-20.23.48:028][160]LogTemp: Repeating last play command: Selected Viewport
[2019.05.04-20.23.48:042][160]LogBlueprintUserMessages: Early PlayInEditor Detection: Level '/Game/MyNewMap.MyNewMap:PersistentLevel' has LevelScriptBlueprint '/Game/MyNewMap.MyNewMap:PersistentLevel.MyNewMap' with GeneratedClass '/Game/MyNewMap.MyNewMap_C' with ClassGeneratedBy '/Game/MyNewMap.MyNewMap:PersistentLevel.MyNewMap'
[2019.05.04-20.23.48:042][160]LogPlayLevel: PlayLevel: No blueprints needed recompiling
[2019.05.04-20.23.48:043][160]PIE: New page: PIE session: MyNewMap (May 4, 2019, 12:23:48 PM)
[2019.05.04-20.23.48:056][160]LogPlayLevel: Creating play world package: /Game/UEDPIE_0_MyNewMap
[2019.05.04-20.23.48:062][160]LogPlayLevel: PIE: StaticDuplicateObject took: (0.005693s)
[2019.05.04-20.23.48:063][160]LogAIModule: Creating AISystem for world MyNewMap
[2019.05.04-20.23.48:063][160]LogPlayLevel: PIE: World Init took: (0.000761s)
[2019.05.04-20.23.48:063][160]LogPlayLevel: PIE: Created PIE world by copying editor world from /Game/MyNewMap.MyNewMap to /Game/UEDPIE_0_MyNewMap.MyNewMap (0.006994s)
[2019.05.04-20.23.48:086][160]LogUObjectHash: Compacting FUObjectHashTables data took   1.13ms
[2019.05.04-20.23.48:089][160]LogInit: XAudio2 using 'Speakers (Realtek High Definition Audio)' : 2 channels at 48 kHz using 32 bits per sample (channel mask 0x3)
[2019.05.04-20.23.48:097][160]LogInit: FAudioDevice initialized.
[2019.05.04-20.23.48:134][160]LogLoad: Game class is 'BuildingEscapeGameModeBase'
[2019.05.04-20.23.48:137][160]LogWorld: Bringing World /Game/UEDPIE_0_MyNewMap.MyNewMap up for play (max tick rate 0) at 2019.05.04-16.23.48
[2019.05.04-20.23.48:137][160]LogWorld: Bringing up level for play took: 0.002069
[2019.05.04-20.23.48:164][160]LogContentBrowser: Native class hierarchy updated for 'MovieSceneCapture' in 0.0004 seconds. Added 20 classes and 0 folders.
[2019.05.04-20.23.48:165][160]LogTemp: Warning:  SM_Chair_71 is at X=780.000 Y=-530.000 Z=-130.000
[2019.05.04-20.23.48:165][160]LogTemp: Warning:  SM_TableRound_2 is at X=530.000 Y=-220.000 Z=-130.000
[2019.05.04-20.23.48:165][160]LogTemp: Warning:  SM_Statue_5 is at X=1463.976 Y=126.677 Z=-124.707
[2019.05.04-20.23.48:165][160]LogTemp: Warning:  SM_Rock_8 is at X=1780.000 Y=440.000 Z=-115.000
[2019.05.04-20.23.48:165][160]LogTemp: Warning:  SM_Couch_11 is at X=1830.000 Y=10.000 Z=-130.000
[2019.05.04-20.23.48:165][160]LogTemp: Warning:  SM_Bush_14 is at X=1770.000 Y=-380.000 Z=-130.000
[2019.05.04-20.23.48:165][160]LogTemp: Warning:  SM_Chair2_17 is at X=1190.000 Y=-540.000 Z=-130.000
[2019.05.04-20.23.48:166][160]LogTemp: Warning:  SM_TableRound2 is at X=415.000 Y=480.000 Z=-130.000
[2019.05.04-20.23.48:166][160]PIE: Play in editor start time for /Game/UEDPIE_0_MyNewMap -0.44
[2019.05.04-20.23.48:166][160]LogBlueprintUserMessages: Late PlayInEditor Detection: Level '/Game/MyNewMap.MyNewMap:PersistentLevel' has LevelScriptBlueprint '/Game/MyNewMap.MyNewMap:PersistentLevel.MyNewMap' with GeneratedClass '/Game/MyNewMap.MyNewMap_C' with ClassGeneratedBy '/Game/MyNewMap.MyNewMap:PersistentLevel.MyNewMap'
[2019.05.04-20.24.55:253][204]LogBlueprintUserMessages: Early EndPlayMap Detection: Level '/Game/MyNewMap.MyNewMap:PersistentLevel' has LevelScriptBlueprint '/Game/MyNewMap.MyNewMap:PersistentLevel.MyNewMap' with GeneratedClass '/Game/MyNewMap.MyNewMap_C' with ClassGeneratedBy '/Game/MyNewMap.MyNewMap:PersistentLevel.MyNewMap'
[2019.05.04-20.24.55:254][204]LogSlate: Updating window title bar state: overlay mode, drag disabled, window buttons hidden, title bar hidden
[2019.05.04-20.24.55:283][204]LogPlayLevel: Display: Shutting down PIE online subsystems
[2019.05.04-20.24.55:283][204]LogBlueprintUserMessages: Late EndPlayMap Detection: Level '/Game/MyNewMap.MyNewMap:PersistentLevel' has LevelScriptBlueprint '/Game/MyNewMap.MyNewMap:PersistentLevel.MyNewMap' with GeneratedClass '/Game/MyNewMap.MyNewMap_C' with ClassGeneratedBy '/Game/MyNewMap.MyNewMap:PersistentLevel.MyNewMap'
[2019.05.04-20.24.55:307][204]LogSlate: Updating window title bar state: overlay mode, drag disabled, window buttons hidden, title bar hidden
[2019.05.04-20.24.55:310][204]LogUObjectHash: Compacting FUObjectHashTables data took   1.57ms
[2019.05.04-20.24.55:360][209]LogPlayLevel: Display: Destroying online subsystem :Context_1
[2019.05.04-20.25.00:578][560]LogEditorViewport: Clicking on Actor (LMB): StaticMeshActor (Floor_400x400_C3)
[2019.05.04-20.25.01:684][684]LogEditorViewport: Clicking on Actor (LMB): StaticMeshActor (Floor_400x400_C2)
[2019.05.04-20.25.17:069][508]LogEditorViewport: Clicking on Actor (LMB): TriggerVolume (PressurePlate)
[2019.05.04-20.25.20:714][939]LogSlate: FSceneViewport::OnFocusLost() reason 0
[2019.05.04-20.25.41:743][404]LogConsoleManager: Warning: Console object named 'ActorComponents.Enable' already exists but is being registered again, but we weren't expected it to be! (FConsoleManager::AddConsoleObject)
[2019.05.04-20.25.47:415][910]Cmd: DUPLICATE
[2019.05.04-20.25.47:416][910]Cmd: ACTOR DUPLICATE
[2019.05.04-20.25.55:395][860]LogSlate: FSceneViewport::OnFocusLost() reason 2
[2019.05.04-20.25.57:000][ 53]Cmd: CAMERA ALIGN ACTIVEVIEWPORTONLY
[2019.05.04-20.26.31:160][114]Cmd: TRANSACTION UNDO
[2019.05.04-20.26.31:160][114]LogEditorTransaction: Undo Move Actors
[2019.05.04-20.26.54:560][885]Cmd: CAMERA ALIGN ACTIVEVIEWPORTONLY
[2019.05.04-20.27.11:572][919]LogSlate: FSceneViewport::OnFocusLost() reason 0
[2019.05.04-20.27.22:044][166]LogEditorViewport: Clicking on Actor (LMB): StaticMeshActor (Floor_400x400_B3)
[2019.05.04-20.27.29:716][ 73]LogEditorViewport: Clicking on Actor (LMB): StaticMeshActor (SM_DoorFrame3)
[2019.05.04-20.27.33:869][566]LogSlate: FSceneViewport::OnFocusLost() reason 0
[2019.05.04-20.28.02:604][865]Cmd: DUPLICATE
[2019.05.04-20.28.02:604][865]Cmd: ACTOR DUPLICATE
[2019.05.04-20.28.13:146][112]LogSlate: FSceneViewport::OnFocusLost() reason 0
[2019.05.04-20.28.19:072][675]Cmd: DUPLICATE
[2019.05.04-20.28.19:073][675]Cmd: ACTOR DUPLICATE
[2019.05.04-20.28.25:766][470]LogEditorViewport: Clicking on Actor (LMB): StaticMeshActor (Floor_400x400_A4)
[2019.05.04-20.28.32:324][248]Cmd: TRANSACTION UNDO
[2019.05.04-20.28.32:325][248]LogEditorTransaction: Undo Move Actors
[2019.05.04-20.28.33:343][350]Cmd: TRANSACTION UNDO
[2019.05.04-20.28.33:344][350]LogEditorTransaction: Undo Clicking on Actors
[2019.05.04-20.28.41:266][291]Cmd: CAMERA ALIGN ACTIVEVIEWPORTONLY
[2019.05.04-20.28.45:127][751]LogEditorViewport: Clicking on Actor (LMB): StaticMeshActor (Floor_400x400_B4)
[2019.05.04-20.28.56:366][ 81]LogEditorViewport: Clicking on Actor (LMB): StaticMeshActor (SM_DoorFrame5)
[2019.05.04-20.28.59:284][426]LogSlate: FSceneViewport::OnFocusLost() reason 0
[2019.05.04-20.29.14:275][212]LogSlate: FSceneViewport::OnFocusLost() reason 0
[2019.05.04-20.29.18:618][712]Cmd: CAMERA ALIGN ACTIVEVIEWPORTONLY
[2019.05.04-20.29.23:356][277]Cmd: CAMERA ALIGN ACTIVEVIEWPORTONLY
[2019.05.04-20.29.24:813][449]LogSlate: FSceneViewport::OnFocusLost() reason 0
[2019.05.04-20.29.25:266][502]Cmd: CAMERA ALIGN ACTIVEVIEWPORTONLY
[2019.05.04-20.29.27:453][763]LogEditorViewport: Clicking on Actor (LMB): StaticMeshActor (Floor_400x400_A3)
[2019.05.04-20.29.28:586][894]Cmd: CAMERA ALIGN ACTIVEVIEWPORTONLY
[2019.05.04-20.29.33:052][429]LogSlate: FSceneViewport::OnFocusLost() reason 0
[2019.05.04-20.29.39:371][181]Cmd: CAMERA ALIGN ACTIVEVIEWPORTONLY
[2019.05.04-20.29.42:928][607]LogSlate: FSceneViewport::OnFocusLost() reason 0
[2019.05.04-20.29.51:884][487]Cmd: DUPLICATE
[2019.05.04-20.29.51:884][487]Cmd: ACTOR DUPLICATE
[2019.05.04-20.29.55:781][948]Cmd: CAMERA ALIGN ACTIVEVIEWPORTONLY
[2019.05.04-20.29.59:155][349]Cmd: CAMERA ALIGN ACTIVEVIEWPORTONLY
[2019.05.04-20.30.05:027][ 47]Cmd: CAMERA ALIGN ACTIVEVIEWPORTONLY
[2019.05.04-20.30.11:867][851]Cmd: CAMERA ALIGN ACTIVEVIEWPORTONLY
[2019.05.04-20.30.21:636][  0]Cmd: CAMERA ALIGN ACTIVEVIEWPORTONLY
[2019.05.04-20.30.26:746][604]Cmd: CAMERA ALIGN ACTIVEVIEWPORTONLY
[2019.05.04-20.30.39:145][ 85]LogEditorViewport: Clicking on Actor (LMB): StaticMeshActor (Wall_Door_400x400_NC2)
[2019.05.04-20.30.40:462][237]Cmd: CAMERA ALIGN ACTIVEVIEWPORTONLY
[2019.05.04-20.30.45:202][802]LogSlate: FSceneViewport::OnFocusLost() reason 0
[2019.05.04-20.30.59:324][404]Cmd: DUPLICATE
[2019.05.04-20.30.59:324][404]Cmd: ACTOR DUPLICATE
[2019.05.04-20.31.18:481][680]LogSlate: FSceneViewport::OnFocusLost() reason 0
[2019.05.04-20.31.21:703][973]Cmd: DUPLICATE
[2019.05.04-20.31.21:703][973]Cmd: ACTOR DUPLICATE
[2019.05.04-20.31.27:616][675]LogSlate: FSceneViewport::OnFocusLost() reason 0
[2019.05.04-20.31.31:215][  9]Cmd: DUPLICATE
[2019.05.04-20.31.31:215][  9]Cmd: ACTOR DUPLICATE
[2019.05.04-20.31.37:812][793]LogSlate: FSceneViewport::OnFocusLost() reason 0
[2019.05.04-20.31.40:694][ 51]Cmd: DUPLICATE
[2019.05.04-20.31.40:694][ 51]Cmd: ACTOR DUPLICATE
[2019.05.04-20.31.50:397][195]LogEditorViewport: Clicking on Actor (LMB): StaticMeshActor (Floor_400x400_C2)
[2019.05.04-20.31.51:942][375]LogEditorViewport: Clicking on Actor (LMB): PlayerStart (PlayerStart3)
[2019.05.04-20.31.52:598][450]Cmd: CAMERA ALIGN ACTIVEVIEWPORTONLY
[2019.05.04-20.32.06:760][141]LogEditorViewport: Clicking on Actor (LMB): StaticMeshActor (SM_DoorFrame9)
[2019.05.04-20.32.16:194][264]LogSlate: FSceneViewport::OnFocusLost() reason 0
[2019.05.04-20.32.25:173][337]LogSlate: FSceneViewport::OnFocusLost() reason 0
[2019.05.04-20.32.38:896][966]LogEditorViewport: Clicking on Actor (LMB): StaticMeshActor (SM_DoorFrame10)
[2019.05.04-20.32.40:933][202]LogSlate: FSceneViewport::OnFocusLost() reason 0
[2019.05.04-20.32.54:006][761]Cmd: CAMERA ALIGN ACTIVEVIEWPORTONLY
[2019.05.04-20.32.57:577][184]LogEditorViewport: Clicking on Actor (LMB): StaticMeshActor (Floor_400x400_D2)
[2019.05.04-20.32.59:640][423]Cmd: CAMERA ALIGN ACTIVEVIEWPORTONLY
[2019.05.04-20.33.03:702][901]LogEditorViewport: Clicking on Actor (LMB): StaticMeshActor (SM_DoorFrame7)
[2019.05.04-20.33.06:082][181]Cmd: CAMERA ALIGN ACTIVEVIEWPORTONLY
[2019.05.04-20.33.12:391][926]LogEditorViewport: Clicking on Actor (LMB): StaticMeshActor (Wall_Door_400x400_NE4)
[2019.05.04-20.33.13:084][  4]Cmd: CAMERA ALIGN ACTIVEVIEWPORTONLY
[2019.05.04-20.33.18:289][626]LogEditorViewport: Clicking on Actor (LMB): StaticMeshActor (SM_DoorFrame8)
[2019.05.04-20.33.22:443][118]LogSlate: FSceneViewport::OnFocusLost() reason 0
[2019.05.04-20.33.40:108][226]Cmd: CAMERA ALIGN ACTIVEVIEWPORTONLY
[2019.05.04-20.33.45:412][859]LogEditorViewport: Clicking on Actor (LMB): StaticMeshActor (SM_DoorFrame5)
[2019.05.04-20.33.51:802][612]LogSlate: FSceneViewport::OnFocusLost() reason 0
[2019.05.04-20.33.58:394][235]Cmd: DUPLICATE
[2019.05.04-20.33.58:394][235]Cmd: ACTOR DUPLICATE
[2019.05.04-20.34.02:534][717]Cmd: CAMERA ALIGN ACTIVEVIEWPORTONLY
[2019.05.04-20.34.31:254][131]LogEditorViewport: Clicking on Actor (LMB): StaticMeshActor (Floor_400x400_C4)
[2019.05.04-20.34.37:677][889]LogEditorViewport: Clicking on Actor (LMB): StaticMeshActor (SM_DoorFrame11)
[2019.05.04-20.34.40:719][246]LogEditorViewport: Clicking on Actor (LMB): StaticMeshActor (Floor_400x400_B4)
[2019.05.04-20.34.55:095][940]LogEditorViewport: Clicking on Actor (LMB): StaticMeshActor (Floor_400x400_C4)
[2019.05.04-20.34.56:483][102]LogEditorViewport: Clicking on Actor (LMB): StaticMeshActor (SM_DoorFrame11)
[2019.05.04-20.34.57:752][249]Cmd: CAMERA ALIGN ACTIVEVIEWPORTONLY
[2019.05.04-20.35.01:755][704]LogEditorViewport: Clicking on Actor (LMB): StaticMeshActor (SM_DoorFrame9)
[2019.05.04-20.35.02:326][768]Cmd: CAMERA ALIGN ACTIVEVIEWPORTONLY
[2019.05.04-20.35.06:996][310]LogEditorViewport: Clicking on Actor (LMB): StaticMeshActor (SM_DoorFrame11)
[2019.05.04-20.35.07:465][362]Cmd: CAMERA ALIGN ACTIVEVIEWPORTONLY
[2019.05.04-20.35.11:728][864]LogEditorViewport: Clicking on Actor (LMB): StaticMeshActor (Floor_400x400_B4)
[2019.05.04-20.35.16:788][461]LogEditorViewport: Clicking on Actor (LMB): StaticMeshActor (Wall_Door_400x400_EB3)
[2019.05.04-20.35.19:499][781]LogEditorViewport: Clicking on Actor (LMB): StaticMeshActor (SM_DoorFrame9)
[2019.05.04-20.35.20:693][919]Cmd: CAMERA ALIGN ACTIVEVIEWPORTONLY
[2019.05.04-20.35.29:092][908]LogEditorViewport: Clicking on Actor (LMB): StaticMeshActor (SM_DoorFrame9)
[2019.05.04-20.35.33:721][457]LogEditorViewport: Clicking on Actor (LMB): StaticMeshActor (Floor_400x400_C3)
[2019.05.04-20.35.36:250][755]Cmd: CAMERA ALIGN ACTIVEVIEWPORTONLY
[2019.05.04-20.35.37:077][853]Cmd: CAMERA ALIGN ACTIVEVIEWPORTONLY
[2019.05.04-20.35.40:854][291]LogSlate: FSceneViewport::OnFocusLost() reason 0
[2019.05.04-20.35.51:590][578]Cmd: CAMERA ALIGN ACTIVEVIEWPORTONLY
[2019.05.04-20.35.57:618][299]LogEditorViewport: Clicking on Actor (LMB): StaticMeshActor (SM_Door)
[2019.05.04-20.35.59:687][542]LogSlate: FSceneViewport::OnFocusLost() reason 0
[2019.05.04-20.36.07:151][291]Cmd: EDIT COPY
[2019.05.04-20.36.17:811][553]LogEditorViewport: Clicking on Actor (LMB): StaticMeshActor (Floor_400x400_D1)
[2019.05.04-20.36.20:619][884]LogSlate: FSceneViewport::OnFocusLost() reason 0
[2019.05.04-20.36.30:501][ 56]Cmd: CAMERA ALIGN ACTIVEVIEWPORTONLY
[2019.05.04-20.36.44:160][690]LogSlate: FSceneViewport::OnFocusLost() reason 0
[2019.05.04-20.36.44:266][700]Cmd: OBJ SAVEPACKAGE PACKAGE="/Game/MyNewMap" FILE="../../../../../../Users/els/source/repos/01_BuildingEscape/BuildingEscape/Content/MyNewMap.umap" SILENT=true AUTOSAVING=false KEEPDIRTY=false
[2019.05.04-20.36.44:291][700]LogUObjectHash: Compacting FUObjectHashTables data took   1.37ms
[2019.05.04-20.36.44:436][700]LogSavePackage: Moving '../../../../../../Users/els/source/repos/01_BuildingEscape/BuildingEscape/Saved/MyNewMap8D3ED01C439B32A68EAB81BC429F83E2.tmp' to '../../../../../../Users/els/source/repos/01_BuildingEscape/BuildingEscape/Content/MyNewMap.umap'
[2019.05.04-20.36.44:469][700]Cmd: OBJ SAVEPACKAGE PACKAGE="/Game/MyNewMap_BuiltData" FILE="../../../../../../Users/els/source/repos/01_BuildingEscape/BuildingEscape/Content/MyNewMap_BuiltData.uasset" SILENT=true
[2019.05.04-20.36.44:761][700]LogSavePackage: Moving '../../../../../../Users/els/source/repos/01_BuildingEscape/BuildingEscape/Saved/MyNewMap_BuiltDataE99553A7494E83B3DA27D796C8ABD62F.tmp' to '../../../../../../Users/els/source/repos/01_BuildingEscape/BuildingEscape/Content/MyNewMap_BuiltData.uasset'
[2019.05.04-20.44.58:289][642]LogEditorViewport: Clicking on Actor (LMB): StaticMeshActor (Floor_400x400_D1)
[2019.05.04-20.45.00:455][897]LogSlate: FSceneViewport::OnFocusLost() reason 0
[2019.05.04-20.45.00:547][905]Cmd: OBJ SAVEPACKAGE PACKAGE="/Game/MyNewMap" FILE="../../../../../../Users/els/source/repos/01_BuildingEscape/BuildingEscape/Content/MyNewMap.umap" SILENT=true AUTOSAVING=false KEEPDIRTY=false
[2019.05.04-20.45.00:572][905]LogUObjectHash: Compacting FUObjectHashTables data took   1.86ms
[2019.05.04-20.45.00:724][905]LogSavePackage: Moving '../../../../../../Users/els/source/repos/01_BuildingEscape/BuildingEscape/Saved/MyNewMap0988E86C4DA3C2508DD1FC9A57B86531.tmp' to '../../../../../../Users/els/source/repos/01_BuildingEscape/BuildingEscape/Content/MyNewMap.umap'
[2019.05.04-20.45.00:756][905]Cmd: OBJ SAVEPACKAGE PACKAGE="/Game/MyNewMap_BuiltData" FILE="../../../../../../Users/els/source/repos/01_BuildingEscape/BuildingEscape/Content/MyNewMap_BuiltData.uasset" SILENT=true
[2019.05.04-20.45.00:968][905]LogSavePackage: Moving '../../../../../../Users/els/source/repos/01_BuildingEscape/BuildingEscape/Saved/MyNewMap_BuiltDataD25EC8C3499B5B3232F8D69E0C23FF9C.tmp' to '../../../../../../Users/els/source/repos/01_BuildingEscape/BuildingEscape/Content/MyNewMap_BuiltData.uasset'
[2019.05.04-20.45.02:020][ 29]MapCheck: New page: Map Check
[2019.05.04-20.45.02:044][ 29]Cmd: MAP REBUILD ALLVISIBLE
[2019.05.04-20.45.02:044][ 29]LogEditorServer: Rebuildmap Clear paths rebuilt
[2019.05.04-20.45.02:087][ 29]LogUObjectHash: Compacting FUObjectHashTables data took   1.75ms
[2019.05.04-20.45.02:120][ 29]LogMaterial: Display: Missing cached shader map for material DebugViewMode MaterialTexCoordScale, compiling. 
[2019.05.04-20.45.02:131][ 29]LogShaderCompilers: Display: Shaders left to compile 2
[2019.05.04-20.45.02:131][ 29]LogShaderCompilers: Display: Shaders left to compile 1
[2019.05.04-20.45.02:131][ 29]LogMaterial: Display: Missing cached shader map for material DebugViewMode MaterialTexCoordScale, compiling. 
[2019.05.04-20.45.02:139][ 29]LogMaterial: Display: Missing cached shader map for material DebugViewMode MaterialTexCoordScale, compiling. 
[2019.05.04-20.45.02:148][ 29]LogShaderCompilers: Display: Shaders left to compile 4
[2019.05.04-20.45.02:148][ 29]LogShaderCompilers: Display: Shaders left to compile 3
[2019.05.04-20.45.02:148][ 29]LogMaterial: Display: Missing cached shader map for material DebugViewMode MaterialTexCoordScale, compiling. 
[2019.05.04-20.45.02:158][ 29]LogMaterial: Display: Missing cached shader map for material DebugViewMode MaterialTexCoordScale, compiling. 
[2019.05.04-20.45.02:168][ 29]LogMaterial: Display: Missing cached shader map for material DebugViewMode MaterialTexCoordScale, compiling. 
[2019.05.04-20.45.02:178][ 29]LogMaterial: Display: Missing cached shader map for material DebugViewMode MaterialTexCoordScale, compiling. 
[2019.05.04-20.45.02:189][ 29]LogMaterial: Display: Missing cached shader map for material DebugViewMode MaterialTexCoordScale, compiling. 
[2019.05.04-20.45.02:198][ 29]LogMaterial: Display: Missing cached shader map for material DebugViewMode MaterialTexCoordScale, compiling. 
[2019.05.04-20.45.02:206][ 29]LogMaterial: Display: Missing cached shader map for material DebugViewMode MaterialTexCoordScale, compiling. 
[2019.05.04-20.45.02:214][ 29]LogMaterial: Display: Missing cached shader map for material DebugViewMode MaterialTexCoordScale, compiling. 
[2019.05.04-20.45.02:222][ 29]LogMaterial: Display: Missing cached shader map for material DebugViewMode MaterialTexCoordScale, compiling. 
[2019.05.04-20.45.03:564][ 29]LogShaderCompilers: Display: Shaders left to compile 20
[2019.05.04-20.45.03:564][ 29]LogShaderCompilers: Display: Shaders left to compile 19
[2019.05.04-20.45.03:565][ 29]LogShaderCompilers: Display: Shaders left to compile 18
[2019.05.04-20.45.03:565][ 29]LogShaderCompilers: Display: Shaders left to compile 17
[2019.05.04-20.45.03:565][ 29]LogShaderCompilers: Display: Shaders left to compile 16
[2019.05.04-20.45.03:565][ 29]LogShaderCompilers: Display: Shaders left to compile 15
[2019.05.04-20.45.03:565][ 29]LogShaderCompilers: Display: Shaders left to compile 14
[2019.05.04-20.45.03:565][ 29]LogShaderCompilers: Display: Shaders left to compile 13
[2019.05.04-20.45.03:565][ 29]LogShaderCompilers: Display: Shaders left to compile 12
[2019.05.04-20.45.03:565][ 29]LogShaderCompilers: Display: Shaders left to compile 11
[2019.05.04-20.45.03:565][ 29]LogShaderCompilers: Display: Shaders left to compile 10
[2019.05.04-20.45.03:565][ 29]LogShaderCompilers: Display: Shaders left to compile 9
[2019.05.04-20.45.03:565][ 29]LogShaderCompilers: Display: Shaders left to compile 8
[2019.05.04-20.45.03:565][ 29]LogShaderCompilers: Display: Shaders left to compile 7
[2019.05.04-20.45.03:565][ 29]LogShaderCompilers: Display: Shaders left to compile 6
[2019.05.04-20.45.03:565][ 29]LogShaderCompilers: Display: Shaders left to compile 5
[2019.05.04-20.45.03:566][ 29]LogShaderCompilers: Display: Shaders left to compile 4
[2019.05.04-20.45.03:566][ 29]LogShaderCompilers: Display: Shaders left to compile 3
[2019.05.04-20.45.03:566][ 29]LogShaderCompilers: Display: Shaders left to compile 2
[2019.05.04-20.45.03:566][ 29]LogShaderCompilers: Display: Shaders left to compile 1
[2019.05.04-20.45.03:566][ 29]TextureStreamingBuild: Display: Compiling optional shaders took 1.452 seconds.
[2019.05.04-20.45.03:580][ 29]LogLevel: Display: Export Material TexCoord Scales took 0.014 seconds.
[2019.05.04-20.45.03:605][ 29]TextureStreamingBuild: Display: Build Texture Streaming took 0.025 seconds.
[2019.05.04-20.45.03:630][ 29]LogUObjectHash: Compacting FUObjectHashTables data took   0.68ms
[2019.05.04-20.45.03:630][ 29]LightingResults: New page: Lighting Build - May 4, 2019, 12:45:03 PM
[2019.05.04-20.45.03:660][ 29]LogSwarmInterface: [OpenConnection] Registering TCP channel ...
[2019.05.04-20.45.03:704][ 29]LogSwarmInterface: [OpenConnection] Connecting to agent ...
[2019.05.04-20.45.03:714][ 29]LogSwarmInterface: [TryOpenConnection] Testing the Agent
[2019.05.04-20.45.04:221][ 29]LogSwarmInterface: [TryOpenConnection] Opening Connection to Agent
[2019.05.04-20.45.04:222][ 29]LogSwarmInterface: [TryOpenConnection] Local Process ID is 16064
[2019.05.04-20.45.06:649][ 29]LogStaticLightingSystem: Warning: No importance volume found, so the scene bounding box was used.  You can optimize your scene's quality and lighting build times by adding importance volumes.
[2019.05.04-20.45.06:650][ 29]LogStaticLightingSystem: Running Lightmass w/ ImmediateImport mode ENABLED
[2019.05.04-20.45.06:650][ 29]LogStaticLightingSystem: Running Lightmass w/ ImmediateProcess mode ENABLED
[2019.05.04-20.45.06:650][ 29]LogStaticLightingSystem: Running Lightmass w/ Sorting mode ENABLED
[2019.05.04-20.45.06:650][ 29]LogStaticLightingSystem: Running Lightmass w/ Mapping paddings ENABLED
[2019.05.04-20.45.06:650][ 29]LogStaticLightingSystem: Running Lightmass w/ Mapping debug paddings DISABLED
[2019.05.04-20.45.06:785][ 29]Cmd: MAP CHECK DONTDISPLAYDIALOG
[2019.05.04-20.45.06:785][ 29]MapCheck: New page: MyNewMap - May 4, 2019, 12:45:06 PM
[2019.05.04-20.45.06:786][ 29]MapCheck: Error: WorldSettings Maps need lighting rebuilt 
[2019.05.04-20.45.06:786][ 29]MapCheck: Map check complete: 1 Error(s), 0 Warning(s), took 0.958ms to complete.
[2019.05.04-20.45.06:809][ 29]LogEditorBuildUtils: Build time 0:04
[2019.05.04-20.45.06:866][ 30]LogUObjectHash: Compacting FUObjectHashTables data took   0.87ms
[2019.05.04-20.45.15:202][615]Job is a success!
[2019.05.04-20.45.15:292][616]LogVolumetricLightmapImport: Imported Volumetric Lightmap in 0.006s
[2019.05.04-20.45.15:292][616]LogVolumetricLightmapImport:      Indirection Texture 16x16x16 = 0.0Mb
[2019.05.04-20.45.15:292][616]LogVolumetricLightmapImport:      BrickData 100x5x5 = 0.1Mb
[2019.05.04-20.45.15:292][616]LogVolumetricLightmapImport:      Bricks at Level
[2019.05.04-20.45.15:292][616]LogVolumetricLightmapImport:          0: 5.0% covering 100.0% of volume
[2019.05.04-20.45.15:292][616]LogVolumetricLightmapImport:          1: 5.0% covering 1.6% of volume
[2019.05.04-20.45.15:293][616]LogVolumetricLightmapImport:          2: 90.0% covering 0.4% of volume
[2019.05.04-20.45.16:398][616]LogTexture: Display: Building textures: SkyOcclusion0_1 (AutoDXT, 1024X512)
[2019.05.04-20.45.16:398][616]LogTexture: Display: Building textures: HQ_Lightmap1_1 (AutoDXT, 1024X1024)
[2019.05.04-20.45.16:399][616]LogTexture: Display: Building textures: LQ_Lightmap_1_1 (DXT1, 1024X1024)
[2019.05.04-20.45.16:399][616]LogTexture: Display: Building textures: SkyOcclusion0_2 (AutoDXT, 1024X512)
[2019.05.04-20.45.16:399][616]LogTexture: Display: Building textures: HQ_Lightmap1_2 (AutoDXT, 1024X1024)
[2019.05.04-20.45.16:399][616]LogTexture: Display: Building textures: LQ_Lightmap_1_2 (DXT1, 1024X1024)
[2019.05.04-20.45.16:399][616]LogTexture: Display: Building textures: SkyOcclusion0_3 (AutoDXT, 256X128)
[2019.05.04-20.45.16:399][616]LogTexture: Display: Building textures: HQ_Lightmap0_3 (AutoDXT, 256X256)
[2019.05.04-20.45.16:399][616]LogTexture: Display: Building textures: LQ_Lightmap_0_3 (DXT1, 256X256)
[2019.05.04-20.45.16:590][616]LogTexture: Display: Building textures: ShadowMapTexture2D_0 (BGRA8, 1024X1024)
[2019.05.04-20.45.16:612][616]Lightmass on ELS-SCHOOL-1: 9.15 sec total, 152 ms importing, 36 ms setup, 1.15 sec photons, 7.79 sec processing, 0 ms extra exporting [70/70 mappings]. Threads: 54.4 sec total, 36.9 sec processing.
[2019.05.04-20.45.16:615][616]LogStaticLightingSystem: MyNewMap_BuiltData storing lightmap data for 70 meshes in 5 LightmapResourceClusters (14.0 Meshes per cluster).
[2019.05.04-20.45.16:642][616]LogUObjectHash: Compacting FUObjectHashTables data took   1.59ms
[2019.05.04-20.45.16:648][616]LogStaticLightingSystem: Illumination: 13.0 sec (1.00 sec encoding lightmaps, 183 ms encoding shadowmaps)
[2019.05.04-20.45.16:648][616]LogStaticLightingSystem: Lightmap texture memory:  5.5 MB (5.5 MB streaming, 0.0 MB non-streaming), 6 textures
[2019.05.04-20.45.16:648][616]LogStaticLightingSystem: Shadowmap texture memory: 5.3 MB (5.3 MB streaming, 0.0 MB non-streaming), 1 textures
[2019.05.04-20.45.16:659][616]DumpUnbuiltLightIteractions
[2019.05.04-20.45.16:659][616]Lights with unbuilt interactions: 0
[2019.05.04-20.45.16:659][616]
[2019.05.04-20.45.16:659][616]Primitives with unbuilt interactions: 0
[2019.05.04-20.45.16:718][617]Cmd: MAP CHECK NOTIFYRESULTS
[2019.05.04-20.45.16:718][617]MapCheck: New page: MyNewMap - May 4, 2019, 12:45:16 PM
[2019.05.04-20.45.16:719][617]MapCheck: Map check complete: 0 Error(s), 0 Warning(s), took 0.727ms to complete.
[2019.05.04-20.46.47:693][483]LogSlate: Window 'Message Log' being destroyed
[2019.05.04-20.46.47:695][483]LogSlate: Window 'Message Log' being destroyed
